---------------------------------------------------------------
[ 2018-09-11T23:33:02+08:00 ] 127.0.0.1 127.0.0.1 GET /index.php/admin/goods/category.html
[ info ] shop.cc/index.php/admin/goods/category.html [运行时间：0.051737s][吞吐率：19.33req/s] [内存消耗：2,157.80kb] [文件加载：54]
[ info ] [ LANG ] F:\www\lisan\public/../application/common\lang\error.php
[ info ] [ LANG ] F:\www\lisan\system\lang\zh-cn.php
[ info ] [ ROUTE ] array (
  'type' => 'module',
  'module' => 
  array (
    0 => 'admin',
    1 => 'goods',
    2 => 'category',
  ),
)
[ info ] [ HEADER ] array (
  'cookie' => 'PHPSESSID=3mk180goan47f6ng9d17qp8763',
  'accept-language' => 'zh-CN,zh;q=0.9',
  'accept-encoding' => 'gzip, deflate',
  'referer' => 'http://shop.cc/index.php',
  'accept' => 'text/html,application/xhtml+xml,application/xml;q=0.9,image/webp,image/apng,*/*;q=0.8',
  'user-agent' => 'Mozilla/5.0 (Windows NT 10.0; Win64; x64) AppleWebKit/537.36 (KHTML, like Gecko) Chrome/67.0.3396.99 Safari/537.36',
  'upgrade-insecure-requests' => '1',
  'cache-control' => 'max-age=0',
  'connection' => 'close',
  'host' => 'shop.cc',
)
[ info ] [ PARAM ] array (
)
[ info ] [ DB ] INIT mysql
[ info ] [ SESSION ] INIT array (
  'id' => '',
  'var_session_id' => '',
  'prefix' => 'think',
  'type' => '',
  'auto_start' => true,
)
[ info ] [ RUN ] app\admin\controller\Goods->category[ F:\www\lisan\application\admin\controller\Goods.php ]
[ info ] [ VIEW ] F:\www\lisan\public/../application/admin\view\goods\category.html [ array (
  0 => 'app_debug',
  1 => 'config',
) ]
[ info ] [ LOG ] INIT File
[ error ] [2]Declaration of app\common\service\Config::find() should be compatible with app\common\service\Base::find($map)[F:\www\lisan\application\common\service\Config.php:21]
[ sql ] [ DB ] CONNECT:[ UseTime:0.000956s ] mysql:dbname=lisan;host=127.0.0.1;port=3306;charset=utf8
[ sql ] [ SQL ] SHOW COLUMNS FROM `zm_config` [ RunTime:0.018228s ]
[ sql ] [ SQL ] SELECT * FROM `zm_config` WHERE  `id` = 1 LIMIT 1 [ RunTime:0.000451s ]
---------------------------------------------------------------
[ 2018-09-11T23:33:03+08:00 ] 127.0.0.1 127.0.0.1 GET /index.php/admin/goods/category.html?sort=weigh&order=desc&offset=0&limit=1000&_=1536679982942
[ info ] shop.cc/index.php/admin/goods/category.html?sort=weigh&order=desc&offset=0&limit=1000&_=1536679982942 [运行时间：0.073149s][吞吐率：13.67req/s] [内存消耗：2,053.86kb] [文件加载：56]
[ info ] [ LANG ] F:\www\lisan\public/../application/common\lang\error.php
[ info ] [ LANG ] F:\www\lisan\system\lang\zh-cn.php
[ info ] [ ROUTE ] array (
  'type' => 'module',
  'module' => 
  array (
    0 => 'admin',
    1 => 'goods',
    2 => 'category',
  ),
)
[ info ] [ HEADER ] array (
  'cookie' => 'PHPSESSID=3mk180goan47f6ng9d17qp8763',
  'accept-language' => 'zh-CN,zh;q=0.9',
  'accept-encoding' => 'gzip, deflate',
  'referer' => 'http://shop.cc/index.php/admin/goods/category.html',
  'content-type' => 'application/json',
  'user-agent' => 'Mozilla/5.0 (Windows NT 10.0; Win64; x64) AppleWebKit/537.36 (KHTML, like Gecko) Chrome/67.0.3396.99 Safari/537.36',
  'x-requested-with' => 'XMLHttpRequest',
  'accept' => 'application/json, text/javascript, */*; q=0.01',
  'connection' => 'close',
  'host' => 'shop.cc',
)
[ info ] [ PARAM ] array (
  'sort' => 'weigh',
  'order' => 'desc',
  'offset' => '0',
  'limit' => '1000',
  '_' => '1536679982942',
)
[ info ] [ DB ] INIT mysql
[ info ] [ SESSION ] INIT array (
  'id' => '',
  'var_session_id' => '',
  'prefix' => 'think',
  'type' => '',
  'auto_start' => true,
)
[ info ] [ RUN ] app\admin\controller\Goods->category[ F:\www\lisan\application\admin\controller\Goods.php ]
[ info ] [ LOG ] INIT File
[ error ] [2]Declaration of app\common\service\Config::find() should be compatible with app\common\service\Base::find($map)[F:\www\lisan\application\common\service\Config.php:21]
[ error ] [8]未定义变量: map[F:\www\lisan\application\admin\controller\Goods.php:23]
[ error ] [8]未定义变量: map[F:\www\lisan\application\admin\controller\Goods.php:24]
[ error ] [2]Invalid argument supplied for foreach()[F:\www\lisan\system\library\think\db\Query.php:680]
[ error ] [8]A non well formed numeric value encountered[F:\www\lisan\system\library\think\Model.php:449]
[ error ] [8]A non well formed numeric value encountered[F:\www\lisan\system\library\think\Model.php:449]
[ error ] [8]A non well formed numeric value encountered[F:\www\lisan\system\library\think\Model.php:449]
[ error ] [8]A non well formed numeric value encountered[F:\www\lisan\system\library\think\Model.php:449]
[ error ] [8]A non well formed numeric value encountered[F:\www\lisan\system\library\think\Model.php:449]
[ error ] [8]A non well formed numeric value encountered[F:\www\lisan\system\library\think\Model.php:449]
[ sql ] [ DB ] CONNECT:[ UseTime:0.009851s ] mysql:dbname=lisan;host=127.0.0.1;port=3306;charset=utf8
[ sql ] [ SQL ] SHOW COLUMNS FROM `zm_config` [ RunTime:0.017164s ]
[ sql ] [ SQL ] SELECT * FROM `zm_config` WHERE  `id` = 1 LIMIT 1 [ RunTime:0.000349s ]
[ sql ] [ SQL ] SHOW COLUMNS FROM `zm_goods_category` [ RunTime:0.012717s ]
[ sql ] [ SQL ] SELECT COUNT(*) AS tp_count FROM `zm_goods_category` LIMIT 1 [ RunTime:0.000324s ]
[ sql ] [ SQL ] SELECT * FROM `zm_goods_category` ORDER BY weigh desc [ RunTime:0.000504s ]
---------------------------------------------------------------
[ 2018-09-11T23:33:07+08:00 ] 127.0.0.1 127.0.0.1 POST /index.php/admin/goods/categorysync.html
[ info ] shop.cc/index.php/admin/goods/categorysync.html [运行时间：0.233768s][吞吐率：4.28req/s] [内存消耗：2,067.07kb] [文件加载：55]
[ info ] [ LANG ] F:\www\lisan\public/../application/common\lang\error.php
[ info ] [ LANG ] F:\www\lisan\system\lang\zh-cn.php
[ info ] [ ROUTE ] array (
  'type' => 'module',
  'module' => 
  array (
    0 => 'admin',
    1 => 'goods',
    2 => 'categorysync',
  ),
)
[ info ] [ HEADER ] array (
  'cookie' => 'PHPSESSID=3mk180goan47f6ng9d17qp8763',
  'accept-language' => 'zh-CN,zh;q=0.9',
  'accept-encoding' => 'gzip, deflate',
  'referer' => 'http://shop.cc/index.php/admin/goods/category.html',
  'user-agent' => 'Mozilla/5.0 (Windows NT 10.0; Win64; x64) AppleWebKit/537.36 (KHTML, like Gecko) Chrome/67.0.3396.99 Safari/537.36',
  'x-requested-with' => 'XMLHttpRequest',
  'origin' => 'http://shop.cc',
  'accept' => '*/*',
  'content-length' => '0',
  'connection' => 'close',
  'host' => 'shop.cc',
)
[ info ] [ PARAM ] array (
)
[ info ] [ DB ] INIT mysql
[ info ] [ SESSION ] INIT array (
  'id' => '',
  'var_session_id' => '',
  'prefix' => 'think',
  'type' => '',
  'auto_start' => true,
)
[ info ] [ RUN ] app\admin\controller\Goods->categorySync[ F:\www\lisan\application\admin\controller\Goods.php ]
[ info ] [ DB ] INIT Sqlsrv
[ info ] [ LOG ] INIT File
[ error ] [2]Declaration of app\common\service\Config::find() should be compatible with app\common\service\Base::find($map)[F:\www\lisan\application\common\service\Config.php:21]
[ error ] [8]A non well formed numeric value encountered[F:\www\lisan\system\library\think\Model.php:449]
[ error ] [8]A non well formed numeric value encountered[F:\www\lisan\system\library\think\Model.php:449]
[ error ] [0]数据表字段不存在:[updatetime][F:\www\lisan\system\library\think\db\Builder.php:107]
[ sql ] [ DB ] CONNECT:[ UseTime:0.000774s ] mysql:dbname=lisan;host=127.0.0.1;port=3306;charset=utf8
[ sql ] [ SQL ] SHOW COLUMNS FROM `zm_config` [ RunTime:0.015743s ]
[ sql ] [ SQL ] SELECT * FROM `zm_config` WHERE  `id` = 1 LIMIT 1 [ RunTime:0.000499s ]
[ sql ] [ SQL ] SHOW COLUMNS FROM `zm_goods_category` [ RunTime:0.020977s ]
[ sql ] [ SQL ] SELECT * FROM `zm_goods_category` WHERE  `foreign_key` = '001' LIMIT 1 [ RunTime:0.000550s ]
---------------------------------------------------------------
[ 2018-09-11T23:33:46+08:00 ] 127.0.0.1 127.0.0.1 GET /index.php
[ info ] shop.cc/index.php [运行时间：0.218115s][吞吐率：4.58req/s] [内存消耗：2,175.11kb] [文件加载：54]
[ info ] [ LANG ] F:\www\lisan\public/../application/common\lang\error.php
[ info ] [ LANG ] F:\www\lisan\system\lang\zh-cn.php
[ info ] [ ROUTE ] array (
  'type' => 'module',
  'module' => 
  array (
    0 => '',
    1 => NULL,
    2 => NULL,
  ),
)
[ info ] [ HEADER ] array (
  'cookie' => 'PHPSESSID=3mk180goan47f6ng9d17qp8763',
  'accept-language' => 'zh-CN,zh;q=0.9',
  'accept-encoding' => 'gzip, deflate',
  'accept' => 'text/html,application/xhtml+xml,application/xml;q=0.9,image/webp,image/apng,*/*;q=0.8',
  'user-agent' => 'Mozilla/5.0 (Windows NT 10.0; Win64; x64) AppleWebKit/537.36 (KHTML, like Gecko) Chrome/67.0.3396.99 Safari/537.36',
  'upgrade-insecure-requests' => '1',
  'cache-control' => 'max-age=0',
  'connection' => 'close',
  'host' => 'shop.cc',
)
[ info ] [ PARAM ] array (
)
[ info ] [ DB ] INIT mysql
[ info ] [ SESSION ] INIT array (
  'id' => '',
  'var_session_id' => '',
  'prefix' => 'think',
  'type' => '',
  'auto_start' => true,
)
[ info ] [ RUN ] app\admin\controller\Index->index[ F:\www\lisan\application\admin\controller\Index.php ]
[ info ] [ VIEW ] F:\www\lisan\public/../application/admin\view\index\index.html [ array (
  0 => 'app_debug',
  1 => 'config',
  2 => 'OrderPost',
) ]
[ info ] [ LOG ] INIT File
[ error ] [2]Declaration of app\common\service\Config::find() should be compatible with app\common\service\Base::find($map)[F:\www\lisan\application\common\service\Config.php:21]
[ sql ] [ DB ] CONNECT:[ UseTime:0.010568s ] mysql:dbname=lisan;host=127.0.0.1;port=3306;charset=utf8
[ sql ] [ SQL ] SHOW COLUMNS FROM `zm_config` [ RunTime:0.024162s ]
[ sql ] [ SQL ] SELECT * FROM `zm_config` WHERE  `id` = 1 LIMIT 1 [ RunTime:0.000452s ]
[ sql ] [ SQL ] SHOW COLUMNS FROM `zm_order` [ RunTime:0.014937s ]
[ sql ] [ SQL ] SELECT COUNT(*) AS tp_count FROM `zm_order` WHERE  `status` = 1 LIMIT 1 [ RunTime:0.000414s ]
---------------------------------------------------------------
[ 2018-09-11T23:33:46+08:00 ] 127.0.0.1 127.0.0.1 GET /index.php/admin/index/dashboard.html
[ info ] shop.cc/index.php/admin/index/dashboard.html [运行时间：0.110944s][吞吐率：9.01req/s] [内存消耗：2,186.95kb] [文件加载：53]
[ info ] [ LANG ] F:\www\lisan\public/../application/common\lang\error.php
[ info ] [ LANG ] F:\www\lisan\system\lang\zh-cn.php
[ info ] [ ROUTE ] array (
  'type' => 'module',
  'module' => 
  array (
    0 => 'admin',
    1 => 'index',
    2 => 'dashboard',
  ),
)
[ info ] [ HEADER ] array (
  'cookie' => 'PHPSESSID=3mk180goan47f6ng9d17qp8763',
  'accept-language' => 'zh-CN,zh;q=0.9',
  'accept-encoding' => 'gzip, deflate',
  'referer' => 'http://shop.cc/index.php',
  'accept' => 'text/html,application/xhtml+xml,application/xml;q=0.9,image/webp,image/apng,*/*;q=0.8',
  'user-agent' => 'Mozilla/5.0 (Windows NT 10.0; Win64; x64) AppleWebKit/537.36 (KHTML, like Gecko) Chrome/67.0.3396.99 Safari/537.36',
  'upgrade-insecure-requests' => '1',
  'connection' => 'close',
  'host' => 'shop.cc',
)
[ info ] [ PARAM ] array (
)
[ info ] [ DB ] INIT mysql
[ info ] [ SESSION ] INIT array (
  'id' => '',
  'var_session_id' => '',
  'prefix' => 'think',
  'type' => '',
  'auto_start' => true,
)
[ info ] [ RUN ] app\admin\controller\Index->dashboard[ F:\www\lisan\application\admin\controller\Index.php ]
[ info ] [ VIEW ] F:\www\lisan\public/../application/admin\view\index\dashboard.html [ array (
  0 => 'app_debug',
  1 => 'config',
  2 => 'user',
  3 => 'goods',
  4 => 'order',
  5 => 'price',
  6 => 'OrderData',
  7 => 'RegisterToday',
  8 => 'LoginToday',
  9 => 'OrderToday',
  10 => 'OrderPost',
  11 => 'OrderWeek',
  12 => 'OrderMonth',
) ]
[ info ] [ LOG ] INIT File
[ error ] [2]Declaration of app\common\service\Config::find() should be compatible with app\common\service\Base::find($map)[F:\www\lisan\application\common\service\Config.php:21]
[ error ] [8]未定义数组索引: 2018-09-04[F:\www\lisan\application\admin\controller\Index.php:46]
[ error ] [8]未定义数组索引: 2018-09-04[F:\www\lisan\application\admin\controller\Index.php:47]
[ error ] [8]未定义数组索引: 2018-09-05[F:\www\lisan\application\admin\controller\Index.php:46]
[ error ] [8]未定义数组索引: 2018-09-05[F:\www\lisan\application\admin\controller\Index.php:47]
[ error ] [8]未定义数组索引: 2018-09-06[F:\www\lisan\application\admin\controller\Index.php:46]
[ error ] [8]未定义数组索引: 2018-09-06[F:\www\lisan\application\admin\controller\Index.php:47]
[ error ] [8]未定义数组索引: 2018-09-07[F:\www\lisan\application\admin\controller\Index.php:46]
[ error ] [8]未定义数组索引: 2018-09-07[F:\www\lisan\application\admin\controller\Index.php:47]
[ error ] [8]未定义数组索引: 2018-09-09[F:\www\lisan\application\admin\controller\Index.php:46]
[ error ] [8]未定义数组索引: 2018-09-09[F:\www\lisan\application\admin\controller\Index.php:47]
[ error ] [8]未定义数组索引: 2018-09-10[F:\www\lisan\application\admin\controller\Index.php:46]
[ error ] [8]未定义数组索引: 2018-09-10[F:\www\lisan\application\admin\controller\Index.php:47]
[ error ] [8]未定义数组索引: 2018-09-11[F:\www\lisan\application\admin\controller\Index.php:46]
[ error ] [8]未定义数组索引: 2018-09-11[F:\www\lisan\application\admin\controller\Index.php:47]
[ sql ] [ DB ] CONNECT:[ UseTime:0.001046s ] mysql:dbname=lisan;host=127.0.0.1;port=3306;charset=utf8
[ sql ] [ SQL ] SHOW COLUMNS FROM `zm_config` [ RunTime:0.009433s ]
[ sql ] [ SQL ] SELECT * FROM `zm_config` WHERE  `id` = 1 LIMIT 1 [ RunTime:0.000542s ]
[ sql ] [ SQL ] SHOW COLUMNS FROM `zm_user` [ RunTime:0.019119s ]
[ sql ] [ SQL ] SELECT COUNT(*) AS tp_count FROM `zm_user` LIMIT 1 [ RunTime:0.000363s ]
[ sql ] [ SQL ] SHOW COLUMNS FROM `zm_goods` [ RunTime:0.013860s ]
[ sql ] [ SQL ] SELECT COUNT(*) AS tp_count FROM `zm_goods` LIMIT 1 [ RunTime:0.000344s ]
[ sql ] [ SQL ] SHOW COLUMNS FROM `zm_order` [ RunTime:0.010132s ]
[ sql ] [ SQL ] SELECT COUNT(*) AS tp_count FROM `zm_order` LIMIT 1 [ RunTime:0.000246s ]
[ sql ] [ SQL ] SELECT SUM(price) AS tp_sum FROM `zm_order` WHERE  `status` = 99 LIMIT 1 [ RunTime:0.000178s ]
[ sql ] [ SQL ] SELECT * FROM `zm_order` WHERE  `create_time` BETWEEN 1535990400 AND 1536680026 [ RunTime:0.000204s ]
[ sql ] [ SQL ] SELECT COUNT(*) AS tp_count FROM `zm_user` WHERE  `register_time` >= 1536595200 LIMIT 1 [ RunTime:0.000166s ]
[ sql ] [ SQL ] SELECT COUNT(*) AS tp_count FROM `zm_user` WHERE  `login_time` >= 1536595200 LIMIT 1 [ RunTime:0.000151s ]
[ sql ] [ SQL ] SELECT COUNT(*) AS tp_count FROM `zm_order` WHERE  `create_time` >= 1536595200 LIMIT 1 [ RunTime:0.000158s ]
[ sql ] [ SQL ] SELECT COUNT(*) AS tp_count FROM `zm_order` WHERE  `status` = 1 LIMIT 1 [ RunTime:0.000154s ]
[ sql ] [ SQL ] SELECT COUNT(*) AS tp_count FROM `zm_order` WHERE  `create_time` BETWEEN 1534003200 AND 1536680026 LIMIT 1 [ RunTime:0.000157s ]
---------------------------------------------------------------
[ 2018-09-11T23:33:47+08:00 ] 127.0.0.1 127.0.0.1 GET /index.php/admin/goods/category.html
[ info ] shop.cc/index.php/admin/goods/category.html [运行时间：0.058380s][吞吐率：17.13req/s] [内存消耗：2,036.35kb] [文件加载：52]
[ info ] [ LANG ] F:\www\lisan\public/../application/common\lang\error.php
[ info ] [ LANG ] F:\www\lisan\system\lang\zh-cn.php
[ info ] [ ROUTE ] array (
  'type' => 'module',
  'module' => 
  array (
    0 => 'admin',
    1 => 'goods',
    2 => 'category',
  ),
)
[ info ] [ HEADER ] array (
  'cookie' => 'PHPSESSID=3mk180goan47f6ng9d17qp8763',
  'accept-language' => 'zh-CN,zh;q=0.9',
  'accept-encoding' => 'gzip, deflate',
  'referer' => 'http://shop.cc/index.php',
  'accept' => 'text/html,application/xhtml+xml,application/xml;q=0.9,image/webp,image/apng,*/*;q=0.8',
  'user-agent' => 'Mozilla/5.0 (Windows NT 10.0; Win64; x64) AppleWebKit/537.36 (KHTML, like Gecko) Chrome/67.0.3396.99 Safari/537.36',
  'upgrade-insecure-requests' => '1',
  'connection' => 'close',
  'host' => 'shop.cc',
)
[ info ] [ PARAM ] array (
)
[ info ] [ DB ] INIT mysql
[ info ] [ SESSION ] INIT array (
  'id' => '',
  'var_session_id' => '',
  'prefix' => 'think',
  'type' => '',
  'auto_start' => true,
)
[ info ] [ RUN ] app\admin\controller\Goods->category[ F:\www\lisan\application\admin\controller\Goods.php ]
[ info ] [ VIEW ] F:\www\lisan\public/../application/admin\view\goods\category.html [ array (
  0 => 'app_debug',
  1 => 'config',
) ]
[ info ] [ LOG ] INIT File
[ error ] [2]Declaration of app\common\service\Config::find() should be compatible with app\common\service\Base::find($map)[F:\www\lisan\application\common\service\Config.php:21]
[ sql ] [ DB ] CONNECT:[ UseTime:0.000807s ] mysql:dbname=lisan;host=127.0.0.1;port=3306;charset=utf8
[ sql ] [ SQL ] SHOW COLUMNS FROM `zm_config` [ RunTime:0.020872s ]
[ sql ] [ SQL ] SELECT * FROM `zm_config` WHERE  `id` = 1 LIMIT 1 [ RunTime:0.000453s ]
---------------------------------------------------------------
[ 2018-09-11T23:33:48+08:00 ] 127.0.0.1 127.0.0.1 GET /index.php/admin/goods/category.html?sort=weigh&order=desc&offset=0&limit=1000&_=1536680027881
[ info ] shop.cc/index.php/admin/goods/category.html?sort=weigh&order=desc&offset=0&limit=1000&_=1536680027881 [运行时间：0.067944s][吞吐率：14.72req/s] [内存消耗：2,052.48kb] [文件加载：56]
[ info ] [ LANG ] F:\www\lisan\public/../application/common\lang\error.php
[ info ] [ LANG ] F:\www\lisan\system\lang\zh-cn.php
[ info ] [ ROUTE ] array (
  'type' => 'module',
  'module' => 
  array (
    0 => 'admin',
    1 => 'goods',
    2 => 'category',
  ),
)
[ info ] [ HEADER ] array (
  'cookie' => 'PHPSESSID=3mk180goan47f6ng9d17qp8763',
  'accept-language' => 'zh-CN,zh;q=0.9',
  'accept-encoding' => 'gzip, deflate',
  'referer' => 'http://shop.cc/index.php/admin/goods/category.html',
  'content-type' => 'application/json',
  'user-agent' => 'Mozilla/5.0 (Windows NT 10.0; Win64; x64) AppleWebKit/537.36 (KHTML, like Gecko) Chrome/67.0.3396.99 Safari/537.36',
  'x-requested-with' => 'XMLHttpRequest',
  'accept' => 'application/json, text/javascript, */*; q=0.01',
  'connection' => 'close',
  'host' => 'shop.cc',
)
[ info ] [ PARAM ] array (
  'sort' => 'weigh',
  'order' => 'desc',
  'offset' => '0',
  'limit' => '1000',
  '_' => '1536680027881',
)
[ info ] [ DB ] INIT mysql
[ info ] [ SESSION ] INIT array (
  'id' => '',
  'var_session_id' => '',
  'prefix' => 'think',
  'type' => '',
  'auto_start' => true,
)
[ info ] [ RUN ] app\admin\controller\Goods->category[ F:\www\lisan\application\admin\controller\Goods.php ]
[ info ] [ LOG ] INIT File
[ error ] [2]Declaration of app\common\service\Config::find() should be compatible with app\common\service\Base::find($map)[F:\www\lisan\application\common\service\Config.php:21]
[ error ] [8]未定义变量: map[F:\www\lisan\application\admin\controller\Goods.php:23]
[ error ] [8]未定义变量: map[F:\www\lisan\application\admin\controller\Goods.php:24]
[ error ] [2]Invalid argument supplied for foreach()[F:\www\lisan\system\library\think\db\Query.php:680]
[ sql ] [ DB ] CONNECT:[ UseTime:0.000846s ] mysql:dbname=lisan;host=127.0.0.1;port=3306;charset=utf8
[ sql ] [ SQL ] SHOW COLUMNS FROM `zm_config` [ RunTime:0.014142s ]
[ sql ] [ SQL ] SELECT * FROM `zm_config` WHERE  `id` = 1 LIMIT 1 [ RunTime:0.000662s ]
[ sql ] [ SQL ] SHOW COLUMNS FROM `zm_goods_category` [ RunTime:0.017850s ]
[ sql ] [ SQL ] SELECT COUNT(*) AS tp_count FROM `zm_goods_category` LIMIT 1 [ RunTime:0.000220s ]
[ sql ] [ SQL ] SELECT * FROM `zm_goods_category` ORDER BY weigh desc [ RunTime:0.000323s ]
---------------------------------------------------------------
[ 2018-09-11T23:33:49+08:00 ] 127.0.0.1 127.0.0.1 POST /index.php/admin/goods/categorysync.html
[ info ] shop.cc/index.php/admin/goods/categorysync.html [运行时间：0.166081s][吞吐率：6.02req/s] [内存消耗：2,053.47kb] [文件加载：59]
[ info ] [ LANG ] F:\www\lisan\public/../application/common\lang\error.php
[ info ] [ LANG ] F:\www\lisan\system\lang\zh-cn.php
[ info ] [ ROUTE ] array (
  'type' => 'module',
  'module' => 
  array (
    0 => 'admin',
    1 => 'goods',
    2 => 'categorysync',
  ),
)
[ info ] [ HEADER ] array (
  'cookie' => 'PHPSESSID=3mk180goan47f6ng9d17qp8763',
  'accept-language' => 'zh-CN,zh;q=0.9',
  'accept-encoding' => 'gzip, deflate',
  'referer' => 'http://shop.cc/index.php/admin/goods/category.html',
  'user-agent' => 'Mozilla/5.0 (Windows NT 10.0; Win64; x64) AppleWebKit/537.36 (KHTML, like Gecko) Chrome/67.0.3396.99 Safari/537.36',
  'x-requested-with' => 'XMLHttpRequest',
  'origin' => 'http://shop.cc',
  'accept' => '*/*',
  'content-length' => '0',
  'connection' => 'close',
  'host' => 'shop.cc',
)
[ info ] [ PARAM ] array (
)
[ info ] [ DB ] INIT mysql
[ info ] [ SESSION ] INIT array (
  'id' => '',
  'var_session_id' => '',
  'prefix' => 'think',
  'type' => '',
  'auto_start' => true,
)
[ info ] [ RUN ] app\admin\controller\Goods->categorySync[ F:\www\lisan\application\admin\controller\Goods.php ]
[ info ] [ DB ] INIT Sqlsrv
[ info ] [ CACHE ] INIT File
[ info ] [ LOG ] INIT File
[ error ] [2]Declaration of app\common\service\Config::find() should be compatible with app\common\service\Base::find($map)[F:\www\lisan\application\common\service\Config.php:21]
[ sql ] [ DB ] CONNECT:[ UseTime:0.010923s ] mysql:dbname=lisan;host=127.0.0.1;port=3306;charset=utf8
[ sql ] [ SQL ] SHOW COLUMNS FROM `zm_config` [ RunTime:0.015286s ]
[ sql ] [ SQL ] SELECT * FROM `zm_config` WHERE  `id` = 1 LIMIT 1 [ RunTime:0.000337s ]
[ sql ] [ SQL ] SHOW COLUMNS FROM `zm_goods_category` [ RunTime:0.020447s ]
[ sql ] [ SQL ] SELECT * FROM `zm_goods_category` WHERE  `foreign_key` = '001' LIMIT 1 [ RunTime:0.000495s ]
[ sql ] [ SQL ] UPDATE `zm_goods_category`  SET `category_name`='零售',`pid`=0,`description`=NULL,`image`='/uploads/default.jpg',`status`='normal',`updatetime`='2018-01-16 14:21:19.453'  WHERE  `category_id` = 21 [ RunTime:0.002021s ]
[ sql ] [ SQL ] SELECT * FROM `zm_goods_category` WHERE  `foreign_key` = '002' LIMIT 1 [ RunTime:0.000475s ]
[ sql ] [ SQL ] UPDATE `zm_goods_category`  SET `category_name`='批发',`updatetime`='2018-01-16 14:21:26.593'  WHERE  `category_id` = 20 [ RunTime:0.001510s ]
[ sql ] [ SQL ] SELECT * FROM `zm_goods_category` WHERE  `foreign_key` = '003' LIMIT 1 [ RunTime:0.000442s ]
[ sql ] [ SQL ] UPDATE `zm_goods_category`  SET `category_name`='其它',`updatetime`='2018-03-02 15:38:11.660'  WHERE  `category_id` = 19 [ RunTime:0.001572s ]
[ sql ] [ SQL ] SELECT * FROM `zm_goods_category` WHERE  `foreign_key` = '004' LIMIT 1 [ RunTime:0.000451s ]
[ sql ] [ SQL ] UPDATE `zm_goods_category`  SET `category_name`='经销',`updatetime`='2018-03-02 15:43:13.493'  WHERE  `category_id` = 18 [ RunTime:0.001590s ]
[ sql ] [ SQL ] SELECT * FROM `zm_goods_category` WHERE  `foreign_key` = '005' LIMIT 1 [ RunTime:0.000454s ]
[ sql ] [ SQL ] UPDATE `zm_goods_category`  SET `category_name`='网络商城',`updatetime`='2018-04-20 16:26:02.000'  WHERE  `category_id` = 17 [ RunTime:0.001444s ]
---------------------------------------------------------------
[ 2018-09-11T23:34:51+08:00 ] 127.0.0.1 127.0.0.1 GET /index.php
[ info ] shop.cc/index.php [运行时间：0.062945s][吞吐率：15.89req/s] [内存消耗：2,036.03kb] [文件加载：52]
[ info ] [ LANG ] F:\www\lisan\public/../application/common\lang\error.php
[ info ] [ LANG ] F:\www\lisan\system\lang\zh-cn.php
[ info ] [ ROUTE ] array (
  'type' => 'module',
  'module' => 
  array (
    0 => '',
    1 => NULL,
    2 => NULL,
  ),
)
[ info ] [ HEADER ] array (
  'cookie' => 'PHPSESSID=3mk180goan47f6ng9d17qp8763',
  'accept-language' => 'zh-CN,zh;q=0.9',
  'accept-encoding' => 'gzip, deflate',
  'accept' => 'text/html,application/xhtml+xml,application/xml;q=0.9,image/webp,image/apng,*/*;q=0.8',
  'user-agent' => 'Mozilla/5.0 (Windows NT 10.0; Win64; x64) AppleWebKit/537.36 (KHTML, like Gecko) Chrome/67.0.3396.99 Safari/537.36',
  'upgrade-insecure-requests' => '1',
  'cache-control' => 'max-age=0',
  'connection' => 'close',
  'host' => 'shop.cc',
)
[ info ] [ PARAM ] array (
)
[ info ] [ DB ] INIT mysql
[ info ] [ SESSION ] INIT array (
  'id' => '',
  'var_session_id' => '',
  'prefix' => 'think',
  'type' => '',
  'auto_start' => true,
)
[ info ] [ RUN ] app\admin\controller\Index->index[ F:\www\lisan\application\admin\controller\Index.php ]
[ info ] [ VIEW ] F:\www\lisan\public/../application/admin\view\index\index.html [ array (
  0 => 'app_debug',
  1 => 'config',
  2 => 'OrderPost',
) ]
[ info ] [ LOG ] INIT File
[ error ] [2]Declaration of app\common\service\Config::find() should be compatible with app\common\service\Base::find($map)[F:\www\lisan\application\common\service\Config.php:21]
[ sql ] [ DB ] CONNECT:[ UseTime:0.001016s ] mysql:dbname=lisan;host=127.0.0.1;port=3306;charset=utf8
[ sql ] [ SQL ] SHOW COLUMNS FROM `zm_config` [ RunTime:0.016298s ]
[ sql ] [ SQL ] SELECT * FROM `zm_config` WHERE  `id` = 1 LIMIT 1 [ RunTime:0.000428s ]
[ sql ] [ SQL ] SHOW COLUMNS FROM `zm_order` [ RunTime:0.013178s ]
[ sql ] [ SQL ] SELECT COUNT(*) AS tp_count FROM `zm_order` WHERE  `status` = 1 LIMIT 1 [ RunTime:0.000258s ]
---------------------------------------------------------------
[ 2018-09-11T23:34:51+08:00 ] 127.0.0.1 127.0.0.1 GET /index.php/admin/index/dashboard.html
[ info ] shop.cc/index.php/admin/index/dashboard.html [运行时间：0.083926s][吞吐率：11.92req/s] [内存消耗：2,017.78kb] [文件加载：51]
[ info ] [ LANG ] F:\www\lisan\public/../application/common\lang\error.php
[ info ] [ LANG ] F:\www\lisan\system\lang\zh-cn.php
[ info ] [ ROUTE ] array (
  'type' => 'module',
  'module' => 
  array (
    0 => 'admin',
    1 => 'index',
    2 => 'dashboard',
  ),
)
[ info ] [ HEADER ] array (
  'cookie' => 'PHPSESSID=3mk180goan47f6ng9d17qp8763',
  'accept-language' => 'zh-CN,zh;q=0.9',
  'accept-encoding' => 'gzip, deflate',
  'referer' => 'http://shop.cc/index.php',
  'accept' => 'text/html,application/xhtml+xml,application/xml;q=0.9,image/webp,image/apng,*/*;q=0.8',
  'user-agent' => 'Mozilla/5.0 (Windows NT 10.0; Win64; x64) AppleWebKit/537.36 (KHTML, like Gecko) Chrome/67.0.3396.99 Safari/537.36',
  'upgrade-insecure-requests' => '1',
  'connection' => 'close',
  'host' => 'shop.cc',
)
[ info ] [ PARAM ] array (
)
[ info ] [ DB ] INIT mysql
[ info ] [ SESSION ] INIT array (
  'id' => '',
  'var_session_id' => '',
  'prefix' => 'think',
  'type' => '',
  'auto_start' => true,
)
[ info ] [ RUN ] app\admin\controller\Index->dashboard[ F:\www\lisan\application\admin\controller\Index.php ]
[ info ] [ VIEW ] F:\www\lisan\public/../application/admin\view\index\dashboard.html [ array (
  0 => 'app_debug',
  1 => 'config',
  2 => 'user',
  3 => 'goods',
  4 => 'order',
  5 => 'price',
  6 => 'OrderData',
  7 => 'RegisterToday',
  8 => 'LoginToday',
  9 => 'OrderToday',
  10 => 'OrderPost',
  11 => 'OrderWeek',
  12 => 'OrderMonth',
) ]
[ info ] [ LOG ] INIT File
[ error ] [2]Declaration of app\common\service\Config::find() should be compatible with app\common\service\Base::find($map)[F:\www\lisan\application\common\service\Config.php:21]
[ error ] [8]未定义数组索引: 2018-09-04[F:\www\lisan\application\admin\controller\Index.php:46]
[ error ] [8]未定义数组索引: 2018-09-04[F:\www\lisan\application\admin\controller\Index.php:47]
[ error ] [8]未定义数组索引: 2018-09-05[F:\www\lisan\application\admin\controller\Index.php:46]
[ error ] [8]未定义数组索引: 2018-09-05[F:\www\lisan\application\admin\controller\Index.php:47]
[ error ] [8]未定义数组索引: 2018-09-06[F:\www\lisan\application\admin\controller\Index.php:46]
[ error ] [8]未定义数组索引: 2018-09-06[F:\www\lisan\application\admin\controller\Index.php:47]
[ error ] [8]未定义数组索引: 2018-09-07[F:\www\lisan\application\admin\controller\Index.php:46]
[ error ] [8]未定义数组索引: 2018-09-07[F:\www\lisan\application\admin\controller\Index.php:47]
[ error ] [8]未定义数组索引: 2018-09-09[F:\www\lisan\application\admin\controller\Index.php:46]
[ error ] [8]未定义数组索引: 2018-09-09[F:\www\lisan\application\admin\controller\Index.php:47]
[ error ] [8]未定义数组索引: 2018-09-10[F:\www\lisan\application\admin\controller\Index.php:46]
[ error ] [8]未定义数组索引: 2018-09-10[F:\www\lisan\application\admin\controller\Index.php:47]
[ error ] [8]未定义数组索引: 2018-09-11[F:\www\lisan\application\admin\controller\Index.php:46]
[ error ] [8]未定义数组索引: 2018-09-11[F:\www\lisan\application\admin\controller\Index.php:47]
[ sql ] [ DB ] CONNECT:[ UseTime:0.000761s ] mysql:dbname=lisan;host=127.0.0.1;port=3306;charset=utf8
[ sql ] [ SQL ] SHOW COLUMNS FROM `zm_config` [ RunTime:0.009098s ]
[ sql ] [ SQL ] SELECT * FROM `zm_config` WHERE  `id` = 1 LIMIT 1 [ RunTime:0.000545s ]
[ sql ] [ SQL ] SHOW COLUMNS FROM `zm_user` [ RunTime:0.016149s ]
[ sql ] [ SQL ] SELECT COUNT(*) AS tp_count FROM `zm_user` LIMIT 1 [ RunTime:0.000202s ]
[ sql ] [ SQL ] SHOW COLUMNS FROM `zm_goods` [ RunTime:0.011151s ]
[ sql ] [ SQL ] SELECT COUNT(*) AS tp_count FROM `zm_goods` LIMIT 1 [ RunTime:0.000268s ]
[ sql ] [ SQL ] SHOW COLUMNS FROM `zm_order` [ RunTime:0.007590s ]
[ sql ] [ SQL ] SELECT COUNT(*) AS tp_count FROM `zm_order` LIMIT 1 [ RunTime:0.000279s ]
[ sql ] [ SQL ] SELECT SUM(price) AS tp_sum FROM `zm_order` WHERE  `status` = 99 LIMIT 1 [ RunTime:0.000193s ]
[ sql ] [ SQL ] SELECT * FROM `zm_order` WHERE  `create_time` BETWEEN 1535990400 AND 1536680091 [ RunTime:0.000196s ]
[ sql ] [ SQL ] SELECT COUNT(*) AS tp_count FROM `zm_user` WHERE  `register_time` >= 1536595200 LIMIT 1 [ RunTime:0.000197s ]
[ sql ] [ SQL ] SELECT COUNT(*) AS tp_count FROM `zm_user` WHERE  `login_time` >= 1536595200 LIMIT 1 [ RunTime:0.000171s ]
[ sql ] [ SQL ] SELECT COUNT(*) AS tp_count FROM `zm_order` WHERE  `create_time` >= 1536595200 LIMIT 1 [ RunTime:0.000145s ]
[ sql ] [ SQL ] SELECT COUNT(*) AS tp_count FROM `zm_order` WHERE  `status` = 1 LIMIT 1 [ RunTime:0.000152s ]
[ sql ] [ SQL ] SELECT COUNT(*) AS tp_count FROM `zm_order` WHERE  `create_time` BETWEEN 1534003200 AND 1536680091 LIMIT 1 [ RunTime:0.000184s ]
---------------------------------------------------------------
[ 2018-09-11T23:34:52+08:00 ] 127.0.0.1 127.0.0.1 GET /index.php/admin/goods/category.html
[ info ] shop.cc/index.php/admin/goods/category.html [运行时间：0.067604s][吞吐率：14.79req/s] [内存消耗：2,036.32kb] [文件加载：52]
[ info ] [ LANG ] F:\www\lisan\public/../application/common\lang\error.php
[ info ] [ LANG ] F:\www\lisan\system\lang\zh-cn.php
[ info ] [ ROUTE ] array (
  'type' => 'module',
  'module' => 
  array (
    0 => 'admin',
    1 => 'goods',
    2 => 'category',
  ),
)
[ info ] [ HEADER ] array (
  'cookie' => 'PHPSESSID=3mk180goan47f6ng9d17qp8763',
  'accept-language' => 'zh-CN,zh;q=0.9',
  'accept-encoding' => 'gzip, deflate',
  'referer' => 'http://shop.cc/index.php',
  'accept' => 'text/html,application/xhtml+xml,application/xml;q=0.9,image/webp,image/apng,*/*;q=0.8',
  'user-agent' => 'Mozilla/5.0 (Windows NT 10.0; Win64; x64) AppleWebKit/537.36 (KHTML, like Gecko) Chrome/67.0.3396.99 Safari/537.36',
  'upgrade-insecure-requests' => '1',
  'connection' => 'close',
  'host' => 'shop.cc',
)
[ info ] [ PARAM ] array (
)
[ info ] [ DB ] INIT mysql
[ info ] [ SESSION ] INIT array (
  'id' => '',
  'var_session_id' => '',
  'prefix' => 'think',
  'type' => '',
  'auto_start' => true,
)
[ info ] [ RUN ] app\admin\controller\Goods->category[ F:\www\lisan\application\admin\controller\Goods.php ]
[ info ] [ VIEW ] F:\www\lisan\public/../application/admin\view\goods\category.html [ array (
  0 => 'app_debug',
  1 => 'config',
) ]
[ info ] [ LOG ] INIT File
[ error ] [2]Declaration of app\common\service\Config::find() should be compatible with app\common\service\Base::find($map)[F:\www\lisan\application\common\service\Config.php:21]
[ sql ] [ DB ] CONNECT:[ UseTime:0.009740s ] mysql:dbname=lisan;host=127.0.0.1;port=3306;charset=utf8
[ sql ] [ SQL ] SHOW COLUMNS FROM `zm_config` [ RunTime:0.019483s ]
[ sql ] [ SQL ] SELECT * FROM `zm_config` WHERE  `id` = 1 LIMIT 1 [ RunTime:0.000368s ]
---------------------------------------------------------------
[ 2018-09-11T23:34:52+08:00 ] 127.0.0.1 127.0.0.1 GET /index.php/admin/goods/category.html?sort=weigh&order=desc&offset=0&limit=1000&_=1536680092704
[ info ] shop.cc/index.php/admin/goods/category.html?sort=weigh&order=desc&offset=0&limit=1000&_=1536680092704 [运行时间：0.070454s][吞吐率：14.19req/s] [内存消耗：2,052.45kb] [文件加载：56]
[ info ] [ LANG ] F:\www\lisan\public/../application/common\lang\error.php
[ info ] [ LANG ] F:\www\lisan\system\lang\zh-cn.php
[ info ] [ ROUTE ] array (
  'type' => 'module',
  'module' => 
  array (
    0 => 'admin',
    1 => 'goods',
    2 => 'category',
  ),
)
[ info ] [ HEADER ] array (
  'cookie' => 'PHPSESSID=3mk180goan47f6ng9d17qp8763',
  'accept-language' => 'zh-CN,zh;q=0.9',
  'accept-encoding' => 'gzip, deflate',
  'referer' => 'http://shop.cc/index.php/admin/goods/category.html',
  'content-type' => 'application/json',
  'user-agent' => 'Mozilla/5.0 (Windows NT 10.0; Win64; x64) AppleWebKit/537.36 (KHTML, like Gecko) Chrome/67.0.3396.99 Safari/537.36',
  'x-requested-with' => 'XMLHttpRequest',
  'accept' => 'application/json, text/javascript, */*; q=0.01',
  'connection' => 'close',
  'host' => 'shop.cc',
)
[ info ] [ PARAM ] array (
  'sort' => 'weigh',
  'order' => 'desc',
  'offset' => '0',
  'limit' => '1000',
  '_' => '1536680092704',
)
[ info ] [ DB ] INIT mysql
[ info ] [ SESSION ] INIT array (
  'id' => '',
  'var_session_id' => '',
  'prefix' => 'think',
  'type' => '',
  'auto_start' => true,
)
[ info ] [ RUN ] app\admin\controller\Goods->category[ F:\www\lisan\application\admin\controller\Goods.php ]
[ info ] [ LOG ] INIT File
[ error ] [2]Declaration of app\common\service\Config::find() should be compatible with app\common\service\Base::find($map)[F:\www\lisan\application\common\service\Config.php:21]
[ error ] [8]未定义变量: map[F:\www\lisan\application\admin\controller\Goods.php:23]
[ error ] [8]未定义变量: map[F:\www\lisan\application\admin\controller\Goods.php:24]
[ error ] [2]Invalid argument supplied for foreach()[F:\www\lisan\system\library\think\db\Query.php:680]
[ sql ] [ DB ] CONNECT:[ UseTime:0.000834s ] mysql:dbname=lisan;host=127.0.0.1;port=3306;charset=utf8
[ sql ] [ SQL ] SHOW COLUMNS FROM `zm_config` [ RunTime:0.017143s ]
[ sql ] [ SQL ] SELECT * FROM `zm_config` WHERE  `id` = 1 LIMIT 1 [ RunTime:0.000390s ]
[ sql ] [ SQL ] SHOW COLUMNS FROM `zm_goods_category` [ RunTime:0.019946s ]
[ sql ] [ SQL ] SELECT COUNT(*) AS tp_count FROM `zm_goods_category` LIMIT 1 [ RunTime:0.000320s ]
[ sql ] [ SQL ] SELECT * FROM `zm_goods_category` ORDER BY weigh desc [ RunTime:0.000376s ]
---------------------------------------------------------------
[ 2018-09-11T23:34:53+08:00 ] 127.0.0.1 127.0.0.1 POST /index.php/admin/goods/categorysync.html
[ info ] shop.cc/index.php/admin/goods/categorysync.html [运行时间：0.263501s][吞吐率：3.80req/s] [内存消耗：2,036.20kb] [文件加载：56]
[ info ] [ LANG ] F:\www\lisan\public/../application/common\lang\error.php
[ info ] [ LANG ] F:\www\lisan\system\lang\zh-cn.php
[ info ] [ ROUTE ] array (
  'type' => 'module',
  'module' => 
  array (
    0 => 'admin',
    1 => 'goods',
    2 => 'categorysync',
  ),
)
[ info ] [ HEADER ] array (
  'cookie' => 'PHPSESSID=3mk180goan47f6ng9d17qp8763',
  'accept-language' => 'zh-CN,zh;q=0.9',
  'accept-encoding' => 'gzip, deflate',
  'referer' => 'http://shop.cc/index.php/admin/goods/category.html',
  'user-agent' => 'Mozilla/5.0 (Windows NT 10.0; Win64; x64) AppleWebKit/537.36 (KHTML, like Gecko) Chrome/67.0.3396.99 Safari/537.36',
  'x-requested-with' => 'XMLHttpRequest',
  'origin' => 'http://shop.cc',
  'accept' => '*/*',
  'content-length' => '0',
  'connection' => 'close',
  'host' => 'shop.cc',
)
[ info ] [ PARAM ] array (
)
[ info ] [ DB ] INIT mysql
[ info ] [ SESSION ] INIT array (
  'id' => '',
  'var_session_id' => '',
  'prefix' => 'think',
  'type' => '',
  'auto_start' => true,
)
[ info ] [ RUN ] app\admin\controller\Goods->categorySync[ F:\www\lisan\application\admin\controller\Goods.php ]
[ info ] [ DB ] INIT Sqlsrv
[ info ] [ LOG ] INIT File
[ error ] [2]Declaration of app\common\service\Config::find() should be compatible with app\common\service\Base::find($map)[F:\www\lisan\application\common\service\Config.php:21]
[ sql ] [ DB ] CONNECT:[ UseTime:0.010106s ] mysql:dbname=lisan;host=127.0.0.1;port=3306;charset=utf8
[ sql ] [ SQL ] SHOW COLUMNS FROM `zm_config` [ RunTime:0.020664s ]
[ sql ] [ SQL ] SELECT * FROM `zm_config` WHERE  `id` = 1 LIMIT 1 [ RunTime:0.000459s ]
[ sql ] [ SQL ] SHOW COLUMNS FROM `zm_goods_category` [ RunTime:0.021563s ]
[ sql ] [ SQL ] SELECT * FROM `zm_goods_category` WHERE  `foreign_key` = '001' LIMIT 1 [ RunTime:0.000480s ]
[ sql ] [ SQL ] SELECT * FROM `zm_goods_category` WHERE  `foreign_key` = '002' LIMIT 1 [ RunTime:0.000364s ]
[ sql ] [ SQL ] SELECT * FROM `zm_goods_category` WHERE  `foreign_key` = '003' LIMIT 1 [ RunTime:0.000345s ]
[ sql ] [ SQL ] SELECT * FROM `zm_goods_category` WHERE  `foreign_key` = '004' LIMIT 1 [ RunTime:0.000355s ]
[ sql ] [ SQL ] SELECT * FROM `zm_goods_category` WHERE  `foreign_key` = '005' LIMIT 1 [ RunTime:0.000546s ]
---------------------------------------------------------------
[ 2018-09-11T23:36:07+08:00 ] 127.0.0.1 127.0.0.1 GET /index.php
[ info ] shop.cc/index.php [运行时间：0.089487s][吞吐率：11.17req/s] [内存消耗：2,036.09kb] [文件加载：52]
[ info ] [ LANG ] F:\www\lisan\public/../application/common\lang\error.php
[ info ] [ LANG ] F:\www\lisan\system\lang\zh-cn.php
[ info ] [ ROUTE ] array (
  'type' => 'module',
  'module' => 
  array (
    0 => '',
    1 => NULL,
    2 => NULL,
  ),
)
[ info ] [ HEADER ] array (
  'cookie' => 'PHPSESSID=3mk180goan47f6ng9d17qp8763',
  'accept-language' => 'zh-CN,zh;q=0.9',
  'accept-encoding' => 'gzip, deflate',
  'accept' => 'text/html,application/xhtml+xml,application/xml;q=0.9,image/webp,image/apng,*/*;q=0.8',
  'user-agent' => 'Mozilla/5.0 (Windows NT 10.0; Win64; x64) AppleWebKit/537.36 (KHTML, like Gecko) Chrome/67.0.3396.99 Safari/537.36',
  'upgrade-insecure-requests' => '1',
  'cache-control' => 'no-cache',
  'pragma' => 'no-cache',
  'connection' => 'close',
  'host' => 'shop.cc',
)
[ info ] [ PARAM ] array (
)
[ info ] [ DB ] INIT mysql
[ info ] [ SESSION ] INIT array (
  'id' => '',
  'var_session_id' => '',
  'prefix' => 'think',
  'type' => '',
  'auto_start' => true,
)
[ info ] [ RUN ] app\admin\controller\Index->index[ F:\www\lisan\application\admin\controller\Index.php ]
[ info ] [ VIEW ] F:\www\lisan\public/../application/admin\view\index\index.html [ array (
  0 => 'app_debug',
  1 => 'config',
  2 => 'OrderPost',
) ]
[ info ] [ LOG ] INIT File
[ error ] [2]Declaration of app\common\service\Config::find() should be compatible with app\common\service\Base::find($map)[F:\www\lisan\application\common\service\Config.php:21]
[ sql ] [ DB ] CONNECT:[ UseTime:0.010088s ] mysql:dbname=lisan;host=127.0.0.1;port=3306;charset=utf8
[ sql ] [ SQL ] SHOW COLUMNS FROM `zm_config` [ RunTime:0.022137s ]
[ sql ] [ SQL ] SELECT * FROM `zm_config` WHERE  `id` = 1 LIMIT 1 [ RunTime:0.000329s ]
[ sql ] [ SQL ] SHOW COLUMNS FROM `zm_order` [ RunTime:0.014518s ]
[ sql ] [ SQL ] SELECT COUNT(*) AS tp_count FROM `zm_order` WHERE  `status` = 1 LIMIT 1 [ RunTime:0.000221s ]
---------------------------------------------------------------
[ 2018-09-11T23:36:08+08:00 ] 127.0.0.1 127.0.0.1 GET /index.php/admin/index/dashboard.html
[ info ] shop.cc/index.php/admin/index/dashboard.html [运行时间：0.094492s][吞吐率：10.58req/s] [内存消耗：2,017.78kb] [文件加载：51]
[ info ] [ LANG ] F:\www\lisan\public/../application/common\lang\error.php
[ info ] [ LANG ] F:\www\lisan\system\lang\zh-cn.php
[ info ] [ ROUTE ] array (
  'type' => 'module',
  'module' => 
  array (
    0 => 'admin',
    1 => 'index',
    2 => 'dashboard',
  ),
)
[ info ] [ HEADER ] array (
  'cookie' => 'PHPSESSID=3mk180goan47f6ng9d17qp8763',
  'accept-language' => 'zh-CN,zh;q=0.9',
  'accept-encoding' => 'gzip, deflate',
  'referer' => 'http://shop.cc/index.php',
  'accept' => 'text/html,application/xhtml+xml,application/xml;q=0.9,image/webp,image/apng,*/*;q=0.8',
  'user-agent' => 'Mozilla/5.0 (Windows NT 10.0; Win64; x64) AppleWebKit/537.36 (KHTML, like Gecko) Chrome/67.0.3396.99 Safari/537.36',
  'upgrade-insecure-requests' => '1',
  'connection' => 'close',
  'host' => 'shop.cc',
)
[ info ] [ PARAM ] array (
)
[ info ] [ DB ] INIT mysql
[ info ] [ SESSION ] INIT array (
  'id' => '',
  'var_session_id' => '',
  'prefix' => 'think',
  'type' => '',
  'auto_start' => true,
)
[ info ] [ RUN ] app\admin\controller\Index->dashboard[ F:\www\lisan\application\admin\controller\Index.php ]
[ info ] [ VIEW ] F:\www\lisan\public/../application/admin\view\index\dashboard.html [ array (
  0 => 'app_debug',
  1 => 'config',
  2 => 'user',
  3 => 'goods',
  4 => 'order',
  5 => 'price',
  6 => 'OrderData',
  7 => 'RegisterToday',
  8 => 'LoginToday',
  9 => 'OrderToday',
  10 => 'OrderPost',
  11 => 'OrderWeek',
  12 => 'OrderMonth',
) ]
[ info ] [ LOG ] INIT File
[ error ] [2]Declaration of app\common\service\Config::find() should be compatible with app\common\service\Base::find($map)[F:\www\lisan\application\common\service\Config.php:21]
[ error ] [8]未定义数组索引: 2018-09-04[F:\www\lisan\application\admin\controller\Index.php:46]
[ error ] [8]未定义数组索引: 2018-09-04[F:\www\lisan\application\admin\controller\Index.php:47]
[ error ] [8]未定义数组索引: 2018-09-05[F:\www\lisan\application\admin\controller\Index.php:46]
[ error ] [8]未定义数组索引: 2018-09-05[F:\www\lisan\application\admin\controller\Index.php:47]
[ error ] [8]未定义数组索引: 2018-09-06[F:\www\lisan\application\admin\controller\Index.php:46]
[ error ] [8]未定义数组索引: 2018-09-06[F:\www\lisan\application\admin\controller\Index.php:47]
[ error ] [8]未定义数组索引: 2018-09-07[F:\www\lisan\application\admin\controller\Index.php:46]
[ error ] [8]未定义数组索引: 2018-09-07[F:\www\lisan\application\admin\controller\Index.php:47]
[ error ] [8]未定义数组索引: 2018-09-09[F:\www\lisan\application\admin\controller\Index.php:46]
[ error ] [8]未定义数组索引: 2018-09-09[F:\www\lisan\application\admin\controller\Index.php:47]
[ error ] [8]未定义数组索引: 2018-09-10[F:\www\lisan\application\admin\controller\Index.php:46]
[ error ] [8]未定义数组索引: 2018-09-10[F:\www\lisan\application\admin\controller\Index.php:47]
[ error ] [8]未定义数组索引: 2018-09-11[F:\www\lisan\application\admin\controller\Index.php:46]
[ error ] [8]未定义数组索引: 2018-09-11[F:\www\lisan\application\admin\controller\Index.php:47]
[ sql ] [ DB ] CONNECT:[ UseTime:0.000761s ] mysql:dbname=lisan;host=127.0.0.1;port=3306;charset=utf8
[ sql ] [ SQL ] SHOW COLUMNS FROM `zm_config` [ RunTime:0.017628s ]
[ sql ] [ SQL ] SELECT * FROM `zm_config` WHERE  `id` = 1 LIMIT 1 [ RunTime:0.000424s ]
[ sql ] [ SQL ] SHOW COLUMNS FROM `zm_user` [ RunTime:0.015479s ]
[ sql ] [ SQL ] SELECT COUNT(*) AS tp_count FROM `zm_user` LIMIT 1 [ RunTime:0.000224s ]
[ sql ] [ SQL ] SHOW COLUMNS FROM `zm_goods` [ RunTime:0.013618s ]
[ sql ] [ SQL ] SELECT COUNT(*) AS tp_count FROM `zm_goods` LIMIT 1 [ RunTime:0.000224s ]
[ sql ] [ SQL ] SHOW COLUMNS FROM `zm_order` [ RunTime:0.011772s ]
[ sql ] [ SQL ] SELECT COUNT(*) AS tp_count FROM `zm_order` LIMIT 1 [ RunTime:0.000398s ]
[ sql ] [ SQL ] SELECT SUM(price) AS tp_sum FROM `zm_order` WHERE  `status` = 99 LIMIT 1 [ RunTime:0.000259s ]
[ sql ] [ SQL ] SELECT * FROM `zm_order` WHERE  `create_time` BETWEEN 1535990400 AND 1536680168 [ RunTime:0.000333s ]
[ sql ] [ SQL ] SELECT COUNT(*) AS tp_count FROM `zm_user` WHERE  `register_time` >= 1536595200 LIMIT 1 [ RunTime:0.000303s ]
[ sql ] [ SQL ] SELECT COUNT(*) AS tp_count FROM `zm_user` WHERE  `login_time` >= 1536595200 LIMIT 1 [ RunTime:0.000282s ]
[ sql ] [ SQL ] SELECT COUNT(*) AS tp_count FROM `zm_order` WHERE  `create_time` >= 1536595200 LIMIT 1 [ RunTime:0.000214s ]
[ sql ] [ SQL ] SELECT COUNT(*) AS tp_count FROM `zm_order` WHERE  `status` = 1 LIMIT 1 [ RunTime:0.000161s ]
[ sql ] [ SQL ] SELECT COUNT(*) AS tp_count FROM `zm_order` WHERE  `create_time` BETWEEN 1534003200 AND 1536680168 LIMIT 1 [ RunTime:0.000173s ]
---------------------------------------------------------------
[ 2018-09-11T23:36:09+08:00 ] 127.0.0.1 127.0.0.1 GET /index.php/admin/goods/category.html
[ info ] shop.cc/index.php/admin/goods/category.html [运行时间：0.061695s][吞吐率：16.21req/s] [内存消耗：2,035.30kb] [文件加载：52]
[ info ] [ LANG ] F:\www\lisan\public/../application/common\lang\error.php
[ info ] [ LANG ] F:\www\lisan\system\lang\zh-cn.php
[ info ] [ ROUTE ] array (
  'type' => 'module',
  'module' => 
  array (
    0 => 'admin',
    1 => 'goods',
    2 => 'category',
  ),
)
[ info ] [ HEADER ] array (
  'cookie' => 'PHPSESSID=3mk180goan47f6ng9d17qp8763',
  'accept-language' => 'zh-CN,zh;q=0.9',
  'accept-encoding' => 'gzip, deflate',
  'referer' => 'http://shop.cc/index.php',
  'accept' => 'text/html,application/xhtml+xml,application/xml;q=0.9,image/webp,image/apng,*/*;q=0.8',
  'user-agent' => 'Mozilla/5.0 (Windows NT 10.0; Win64; x64) AppleWebKit/537.36 (KHTML, like Gecko) Chrome/67.0.3396.99 Safari/537.36',
  'upgrade-insecure-requests' => '1',
  'connection' => 'close',
  'host' => 'shop.cc',
)
[ info ] [ PARAM ] array (
)
[ info ] [ DB ] INIT mysql
[ info ] [ SESSION ] INIT array (
  'id' => '',
  'var_session_id' => '',
  'prefix' => 'think',
  'type' => '',
  'auto_start' => true,
)
[ info ] [ RUN ] app\admin\controller\Goods->category[ F:\www\lisan\application\admin\controller\Goods.php ]
[ info ] [ VIEW ] F:\www\lisan\public/../application/admin\view\goods\category.html [ array (
  0 => 'app_debug',
  1 => 'config',
) ]
[ info ] [ LOG ] INIT File
[ error ] [2]Declaration of app\common\service\Config::find() should be compatible with app\common\service\Base::find($map)[F:\www\lisan\application\common\service\Config.php:21]
[ sql ] [ DB ] CONNECT:[ UseTime:0.001014s ] mysql:dbname=lisan;host=127.0.0.1;port=3306;charset=utf8
[ sql ] [ SQL ] SHOW COLUMNS FROM `zm_config` [ RunTime:0.019599s ]
[ sql ] [ SQL ] SELECT * FROM `zm_config` WHERE  `id` = 1 LIMIT 1 [ RunTime:0.000458s ]
---------------------------------------------------------------
[ 2018-09-11T23:36:09+08:00 ] 127.0.0.1 127.0.0.1 GET /index.php/admin/goods/category.html?sort=weigh&order=desc&offset=0&limit=1000&_=1536680169524
[ info ] shop.cc/index.php/admin/goods/category.html?sort=weigh&order=desc&offset=0&limit=1000&_=1536680169524 [运行时间：0.068313s][吞吐率：14.64req/s] [内存消耗：2,051.43kb] [文件加载：56]
[ info ] [ LANG ] F:\www\lisan\public/../application/common\lang\error.php
[ info ] [ LANG ] F:\www\lisan\system\lang\zh-cn.php
[ info ] [ ROUTE ] array (
  'type' => 'module',
  'module' => 
  array (
    0 => 'admin',
    1 => 'goods',
    2 => 'category',
  ),
)
[ info ] [ HEADER ] array (
  'cookie' => 'PHPSESSID=3mk180goan47f6ng9d17qp8763',
  'accept-language' => 'zh-CN,zh;q=0.9',
  'accept-encoding' => 'gzip, deflate',
  'referer' => 'http://shop.cc/index.php/admin/goods/category.html',
  'content-type' => 'application/json',
  'user-agent' => 'Mozilla/5.0 (Windows NT 10.0; Win64; x64) AppleWebKit/537.36 (KHTML, like Gecko) Chrome/67.0.3396.99 Safari/537.36',
  'x-requested-with' => 'XMLHttpRequest',
  'accept' => 'application/json, text/javascript, */*; q=0.01',
  'connection' => 'close',
  'host' => 'shop.cc',
)
[ info ] [ PARAM ] array (
  'sort' => 'weigh',
  'order' => 'desc',
  'offset' => '0',
  'limit' => '1000',
  '_' => '1536680169524',
)
[ info ] [ DB ] INIT mysql
[ info ] [ SESSION ] INIT array (
  'id' => '',
  'var_session_id' => '',
  'prefix' => 'think',
  'type' => '',
  'auto_start' => true,
)
[ info ] [ RUN ] app\admin\controller\Goods->category[ F:\www\lisan\application\admin\controller\Goods.php ]
[ info ] [ LOG ] INIT File
[ error ] [2]Declaration of app\common\service\Config::find() should be compatible with app\common\service\Base::find($map)[F:\www\lisan\application\common\service\Config.php:21]
[ error ] [8]未定义变量: map[F:\www\lisan\application\admin\controller\Goods.php:23]
[ error ] [8]未定义变量: map[F:\www\lisan\application\admin\controller\Goods.php:24]
[ error ] [2]Invalid argument supplied for foreach()[F:\www\lisan\system\library\think\db\Query.php:680]
[ sql ] [ DB ] CONNECT:[ UseTime:0.001068s ] mysql:dbname=lisan;host=127.0.0.1;port=3306;charset=utf8
[ sql ] [ SQL ] SHOW COLUMNS FROM `zm_config` [ RunTime:0.011983s ]
[ sql ] [ SQL ] SELECT * FROM `zm_config` WHERE  `id` = 1 LIMIT 1 [ RunTime:0.000475s ]
[ sql ] [ SQL ] SHOW COLUMNS FROM `zm_goods_category` [ RunTime:0.017396s ]
[ sql ] [ SQL ] SELECT COUNT(*) AS tp_count FROM `zm_goods_category` LIMIT 1 [ RunTime:0.000383s ]
[ sql ] [ SQL ] SELECT * FROM `zm_goods_category` ORDER BY weigh desc [ RunTime:0.000477s ]
---------------------------------------------------------------
[ 2018-09-11T23:36:13+08:00 ] 127.0.0.1 127.0.0.1 POST /index.php/admin/goods/categorysync.html
[ info ] shop.cc/index.php/admin/goods/categorysync.html [运行时间：0.236614s][吞吐率：4.23req/s] [内存消耗：2,035.17kb] [文件加载：56]
[ info ] [ LANG ] F:\www\lisan\public/../application/common\lang\error.php
[ info ] [ LANG ] F:\www\lisan\system\lang\zh-cn.php
[ info ] [ ROUTE ] array (
  'type' => 'module',
  'module' => 
  array (
    0 => 'admin',
    1 => 'goods',
    2 => 'categorysync',
  ),
)
[ info ] [ HEADER ] array (
  'cookie' => 'PHPSESSID=3mk180goan47f6ng9d17qp8763',
  'accept-language' => 'zh-CN,zh;q=0.9',
  'accept-encoding' => 'gzip, deflate',
  'referer' => 'http://shop.cc/index.php/admin/goods/category.html',
  'user-agent' => 'Mozilla/5.0 (Windows NT 10.0; Win64; x64) AppleWebKit/537.36 (KHTML, like Gecko) Chrome/67.0.3396.99 Safari/537.36',
  'x-requested-with' => 'XMLHttpRequest',
  'origin' => 'http://shop.cc',
  'accept' => '*/*',
  'content-length' => '0',
  'connection' => 'close',
  'host' => 'shop.cc',
)
[ info ] [ PARAM ] array (
)
[ info ] [ DB ] INIT mysql
[ info ] [ SESSION ] INIT array (
  'id' => '',
  'var_session_id' => '',
  'prefix' => 'think',
  'type' => '',
  'auto_start' => true,
)
[ info ] [ RUN ] app\admin\controller\Goods->categorySync[ F:\www\lisan\application\admin\controller\Goods.php ]
[ info ] [ DB ] INIT Sqlsrv
[ info ] [ LOG ] INIT File
[ error ] [2]Declaration of app\common\service\Config::find() should be compatible with app\common\service\Base::find($map)[F:\www\lisan\application\common\service\Config.php:21]
[ sql ] [ DB ] CONNECT:[ UseTime:0.000803s ] mysql:dbname=lisan;host=127.0.0.1;port=3306;charset=utf8
[ sql ] [ SQL ] SHOW COLUMNS FROM `zm_config` [ RunTime:0.016010s ]
[ sql ] [ SQL ] SELECT * FROM `zm_config` WHERE  `id` = 1 LIMIT 1 [ RunTime:0.000352s ]
[ sql ] [ SQL ] SHOW COLUMNS FROM `zm_goods_category` [ RunTime:0.024020s ]
[ sql ] [ SQL ] SELECT * FROM `zm_goods_category` WHERE  `foreign_key` = '001' LIMIT 1 [ RunTime:0.000316s ]
[ sql ] [ SQL ] SELECT * FROM `zm_goods_category` WHERE  `foreign_key` = '002' LIMIT 1 [ RunTime:0.000194s ]
[ sql ] [ SQL ] SELECT * FROM `zm_goods_category` WHERE  `foreign_key` = '003' LIMIT 1 [ RunTime:0.000207s ]
[ sql ] [ SQL ] SELECT * FROM `zm_goods_category` WHERE  `foreign_key` = '004' LIMIT 1 [ RunTime:0.000178s ]
[ sql ] [ SQL ] SELECT * FROM `zm_goods_category` WHERE  `foreign_key` = '005' LIMIT 1 [ RunTime:0.000174s ]
---------------------------------------------------------------
[ 2018-09-11T23:36:16+08:00 ] 127.0.0.1 127.0.0.1 GET /index.php/admin/goods/category.html
[ info ] shop.cc/index.php/admin/goods/category.html [运行时间：0.078604s][吞吐率：12.72req/s] [内存消耗：2,035.64kb] [文件加载：52]
[ info ] [ LANG ] F:\www\lisan\public/../application/common\lang\error.php
[ info ] [ LANG ] F:\www\lisan\system\lang\zh-cn.php
[ info ] [ ROUTE ] array (
  'type' => 'module',
  'module' => 
  array (
    0 => 'admin',
    1 => 'goods',
    2 => 'category',
  ),
)
[ info ] [ HEADER ] array (
  'cookie' => 'PHPSESSID=3mk180goan47f6ng9d17qp8763',
  'accept-language' => 'zh-CN,zh;q=0.9',
  'accept-encoding' => 'gzip, deflate',
  'referer' => 'http://shop.cc/index.php/admin/goods/category.html',
  'accept' => 'text/html,application/xhtml+xml,application/xml;q=0.9,image/webp,image/apng,*/*;q=0.8',
  'user-agent' => 'Mozilla/5.0 (Windows NT 10.0; Win64; x64) AppleWebKit/537.36 (KHTML, like Gecko) Chrome/67.0.3396.99 Safari/537.36',
  'upgrade-insecure-requests' => '1',
  'cache-control' => 'max-age=0',
  'connection' => 'close',
  'host' => 'shop.cc',
)
[ info ] [ PARAM ] array (
)
[ info ] [ DB ] INIT mysql
[ info ] [ SESSION ] INIT array (
  'id' => '',
  'var_session_id' => '',
  'prefix' => 'think',
  'type' => '',
  'auto_start' => true,
)
[ info ] [ RUN ] app\admin\controller\Goods->category[ F:\www\lisan\application\admin\controller\Goods.php ]
[ info ] [ VIEW ] F:\www\lisan\public/../application/admin\view\goods\category.html [ array (
  0 => 'app_debug',
  1 => 'config',
) ]
[ info ] [ LOG ] INIT File
[ error ] [2]Declaration of app\common\service\Config::find() should be compatible with app\common\service\Base::find($map)[F:\www\lisan\application\common\service\Config.php:21]
[ sql ] [ DB ] CONNECT:[ UseTime:0.010180s ] mysql:dbname=lisan;host=127.0.0.1;port=3306;charset=utf8
[ sql ] [ SQL ] SHOW COLUMNS FROM `zm_config` [ RunTime:0.020307s ]
[ sql ] [ SQL ] SELECT * FROM `zm_config` WHERE  `id` = 1 LIMIT 1 [ RunTime:0.000340s ]
---------------------------------------------------------------
[ 2018-09-11T23:36:16+08:00 ] 127.0.0.1 127.0.0.1 GET /index.php/admin/goods/category.html?sort=weigh&order=desc&offset=0&limit=1000&_=1536680176752
[ info ] shop.cc/index.php/admin/goods/category.html?sort=weigh&order=desc&offset=0&limit=1000&_=1536680176752 [运行时间：0.073813s][吞吐率：13.55req/s] [内存消耗：2,051.43kb] [文件加载：56]
[ info ] [ LANG ] F:\www\lisan\public/../application/common\lang\error.php
[ info ] [ LANG ] F:\www\lisan\system\lang\zh-cn.php
[ info ] [ ROUTE ] array (
  'type' => 'module',
  'module' => 
  array (
    0 => 'admin',
    1 => 'goods',
    2 => 'category',
  ),
)
[ info ] [ HEADER ] array (
  'cookie' => 'PHPSESSID=3mk180goan47f6ng9d17qp8763',
  'accept-language' => 'zh-CN,zh;q=0.9',
  'accept-encoding' => 'gzip, deflate',
  'referer' => 'http://shop.cc/index.php/admin/goods/category.html',
  'content-type' => 'application/json',
  'user-agent' => 'Mozilla/5.0 (Windows NT 10.0; Win64; x64) AppleWebKit/537.36 (KHTML, like Gecko) Chrome/67.0.3396.99 Safari/537.36',
  'x-requested-with' => 'XMLHttpRequest',
  'accept' => 'application/json, text/javascript, */*; q=0.01',
  'connection' => 'close',
  'host' => 'shop.cc',
)
[ info ] [ PARAM ] array (
  'sort' => 'weigh',
  'order' => 'desc',
  'offset' => '0',
  'limit' => '1000',
  '_' => '1536680176752',
)
[ info ] [ DB ] INIT mysql
[ info ] [ SESSION ] INIT array (
  'id' => '',
  'var_session_id' => '',
  'prefix' => 'think',
  'type' => '',
  'auto_start' => true,
)
[ info ] [ RUN ] app\admin\controller\Goods->category[ F:\www\lisan\application\admin\controller\Goods.php ]
[ info ] [ LOG ] INIT File
[ error ] [2]Declaration of app\common\service\Config::find() should be compatible with app\common\service\Base::find($map)[F:\www\lisan\application\common\service\Config.php:21]
[ error ] [8]未定义变量: map[F:\www\lisan\application\admin\controller\Goods.php:23]
[ error ] [8]未定义变量: map[F:\www\lisan\application\admin\controller\Goods.php:24]
[ error ] [2]Invalid argument supplied for foreach()[F:\www\lisan\system\library\think\db\Query.php:680]
[ sql ] [ DB ] CONNECT:[ UseTime:0.000647s ] mysql:dbname=lisan;host=127.0.0.1;port=3306;charset=utf8
[ sql ] [ SQL ] SHOW COLUMNS FROM `zm_config` [ RunTime:0.010396s ]
[ sql ] [ SQL ] SELECT * FROM `zm_config` WHERE  `id` = 1 LIMIT 1 [ RunTime:0.000514s ]
[ sql ] [ SQL ] SHOW COLUMNS FROM `zm_goods_category` [ RunTime:0.013685s ]
[ sql ] [ SQL ] SELECT COUNT(*) AS tp_count FROM `zm_goods_category` LIMIT 1 [ RunTime:0.000235s ]
[ sql ] [ SQL ] SELECT * FROM `zm_goods_category` ORDER BY weigh desc [ RunTime:0.000435s ]
---------------------------------------------------------------
[ 2018-09-11T23:36:50+08:00 ] 127.0.0.1 127.0.0.1 POST /index.php/admin/goods/categorysync.html
[ info ] shop.cc/index.php/admin/goods/categorysync.html [运行时间：0.146237s][吞吐率：6.84req/s] [内存消耗：2,035.17kb] [文件加载：56]
[ info ] [ LANG ] F:\www\lisan\public/../application/common\lang\error.php
[ info ] [ LANG ] F:\www\lisan\system\lang\zh-cn.php
[ info ] [ ROUTE ] array (
  'type' => 'module',
  'module' => 
  array (
    0 => 'admin',
    1 => 'goods',
    2 => 'categorysync',
  ),
)
[ info ] [ HEADER ] array (
  'cookie' => 'PHPSESSID=3mk180goan47f6ng9d17qp8763',
  'accept-language' => 'zh-CN,zh;q=0.9',
  'accept-encoding' => 'gzip, deflate',
  'referer' => 'http://shop.cc/index.php/admin/goods/category.html',
  'user-agent' => 'Mozilla/5.0 (Windows NT 10.0; Win64; x64) AppleWebKit/537.36 (KHTML, like Gecko) Chrome/67.0.3396.99 Safari/537.36',
  'x-requested-with' => 'XMLHttpRequest',
  'origin' => 'http://shop.cc',
  'accept' => '*/*',
  'content-length' => '0',
  'connection' => 'close',
  'host' => 'shop.cc',
)
[ info ] [ PARAM ] array (
)
[ info ] [ DB ] INIT mysql
[ info ] [ SESSION ] INIT array (
  'id' => '',
  'var_session_id' => '',
  'prefix' => 'think',
  'type' => '',
  'auto_start' => true,
)
[ info ] [ RUN ] app\admin\controller\Goods->categorySync[ F:\www\lisan\application\admin\controller\Goods.php ]
[ info ] [ DB ] INIT Sqlsrv
[ info ] [ LOG ] INIT File
[ error ] [2]Declaration of app\common\service\Config::find() should be compatible with app\common\service\Base::find($map)[F:\www\lisan\application\common\service\Config.php:21]
[ sql ] [ DB ] CONNECT:[ UseTime:0.000682s ] mysql:dbname=lisan;host=127.0.0.1;port=3306;charset=utf8
[ sql ] [ SQL ] SHOW COLUMNS FROM `zm_config` [ RunTime:0.015694s ]
[ sql ] [ SQL ] SELECT * FROM `zm_config` WHERE  `id` = 1 LIMIT 1 [ RunTime:0.000325s ]
[ sql ] [ SQL ] SHOW COLUMNS FROM `zm_goods_category` [ RunTime:0.020718s ]
[ sql ] [ SQL ] SELECT * FROM `zm_goods_category` WHERE  `foreign_key` = '001' LIMIT 1 [ RunTime:0.000500s ]
[ sql ] [ SQL ] SELECT * FROM `zm_goods_category` WHERE  `foreign_key` = '002' LIMIT 1 [ RunTime:0.000354s ]
[ sql ] [ SQL ] SELECT * FROM `zm_goods_category` WHERE  `foreign_key` = '003' LIMIT 1 [ RunTime:0.000344s ]
[ sql ] [ SQL ] SELECT * FROM `zm_goods_category` WHERE  `foreign_key` = '004' LIMIT 1 [ RunTime:0.000645s ]
[ sql ] [ SQL ] SELECT * FROM `zm_goods_category` WHERE  `foreign_key` = '005' LIMIT 1 [ RunTime:0.000430s ]
---------------------------------------------------------------
[ 2018-09-11T23:36:53+08:00 ] 127.0.0.1 127.0.0.1 GET /index.php/admin/goods/category.html
[ info ] shop.cc/index.php/admin/goods/category.html [运行时间：0.076609s][吞吐率：13.05req/s] [内存消耗：2,035.64kb] [文件加载：52]
[ info ] [ LANG ] F:\www\lisan\public/../application/common\lang\error.php
[ info ] [ LANG ] F:\www\lisan\system\lang\zh-cn.php
[ info ] [ ROUTE ] array (
  'type' => 'module',
  'module' => 
  array (
    0 => 'admin',
    1 => 'goods',
    2 => 'category',
  ),
)
[ info ] [ HEADER ] array (
  'cookie' => 'PHPSESSID=3mk180goan47f6ng9d17qp8763',
  'accept-language' => 'zh-CN,zh;q=0.9',
  'accept-encoding' => 'gzip, deflate',
  'referer' => 'http://shop.cc/index.php/admin/goods/category.html',
  'accept' => 'text/html,application/xhtml+xml,application/xml;q=0.9,image/webp,image/apng,*/*;q=0.8',
  'user-agent' => 'Mozilla/5.0 (Windows NT 10.0; Win64; x64) AppleWebKit/537.36 (KHTML, like Gecko) Chrome/67.0.3396.99 Safari/537.36',
  'upgrade-insecure-requests' => '1',
  'cache-control' => 'max-age=0',
  'connection' => 'close',
  'host' => 'shop.cc',
)
[ info ] [ PARAM ] array (
)
[ info ] [ DB ] INIT mysql
[ info ] [ SESSION ] INIT array (
  'id' => '',
  'var_session_id' => '',
  'prefix' => 'think',
  'type' => '',
  'auto_start' => true,
)
[ info ] [ RUN ] app\admin\controller\Goods->category[ F:\www\lisan\application\admin\controller\Goods.php ]
[ info ] [ VIEW ] F:\www\lisan\public/../application/admin\view\goods\category.html [ array (
  0 => 'app_debug',
  1 => 'config',
) ]
[ info ] [ LOG ] INIT File
[ error ] [2]Declaration of app\common\service\Config::find() should be compatible with app\common\service\Base::find($map)[F:\www\lisan\application\common\service\Config.php:21]
[ sql ] [ DB ] CONNECT:[ UseTime:0.000648s ] mysql:dbname=lisan;host=127.0.0.1;port=3306;charset=utf8
[ sql ] [ SQL ] SHOW COLUMNS FROM `zm_config` [ RunTime:0.022923s ]
[ sql ] [ SQL ] SELECT * FROM `zm_config` WHERE  `id` = 1 LIMIT 1 [ RunTime:0.000350s ]
---------------------------------------------------------------
[ 2018-09-11T23:36:53+08:00 ] 127.0.0.1 127.0.0.1 GET /index.php/admin/goods/category.html?sort=weigh&order=desc&offset=0&limit=1000&_=1536680213814
[ info ] shop.cc/index.php/admin/goods/category.html?sort=weigh&order=desc&offset=0&limit=1000&_=1536680213814 [运行时间：0.071355s][吞吐率：14.01req/s] [内存消耗：2,051.43kb] [文件加载：56]
[ info ] [ LANG ] F:\www\lisan\public/../application/common\lang\error.php
[ info ] [ LANG ] F:\www\lisan\system\lang\zh-cn.php
[ info ] [ ROUTE ] array (
  'type' => 'module',
  'module' => 
  array (
    0 => 'admin',
    1 => 'goods',
    2 => 'category',
  ),
)
[ info ] [ HEADER ] array (
  'cookie' => 'PHPSESSID=3mk180goan47f6ng9d17qp8763',
  'accept-language' => 'zh-CN,zh;q=0.9',
  'accept-encoding' => 'gzip, deflate',
  'referer' => 'http://shop.cc/index.php/admin/goods/category.html',
  'content-type' => 'application/json',
  'user-agent' => 'Mozilla/5.0 (Windows NT 10.0; Win64; x64) AppleWebKit/537.36 (KHTML, like Gecko) Chrome/67.0.3396.99 Safari/537.36',
  'x-requested-with' => 'XMLHttpRequest',
  'accept' => 'application/json, text/javascript, */*; q=0.01',
  'connection' => 'close',
  'host' => 'shop.cc',
)
[ info ] [ PARAM ] array (
  'sort' => 'weigh',
  'order' => 'desc',
  'offset' => '0',
  'limit' => '1000',
  '_' => '1536680213814',
)
[ info ] [ DB ] INIT mysql
[ info ] [ SESSION ] INIT array (
  'id' => '',
  'var_session_id' => '',
  'prefix' => 'think',
  'type' => '',
  'auto_start' => true,
)
[ info ] [ RUN ] app\admin\controller\Goods->category[ F:\www\lisan\application\admin\controller\Goods.php ]
[ info ] [ LOG ] INIT File
[ error ] [2]Declaration of app\common\service\Config::find() should be compatible with app\common\service\Base::find($map)[F:\www\lisan\application\common\service\Config.php:21]
[ error ] [8]未定义变量: map[F:\www\lisan\application\admin\controller\Goods.php:23]
[ error ] [8]未定义变量: map[F:\www\lisan\application\admin\controller\Goods.php:24]
[ error ] [2]Invalid argument supplied for foreach()[F:\www\lisan\system\library\think\db\Query.php:680]
[ sql ] [ DB ] CONNECT:[ UseTime:0.000724s ] mysql:dbname=lisan;host=127.0.0.1;port=3306;charset=utf8
[ sql ] [ SQL ] SHOW COLUMNS FROM `zm_config` [ RunTime:0.014741s ]
[ sql ] [ SQL ] SELECT * FROM `zm_config` WHERE  `id` = 1 LIMIT 1 [ RunTime:0.000509s ]
[ sql ] [ SQL ] SHOW COLUMNS FROM `zm_goods_category` [ RunTime:0.024014s ]
[ sql ] [ SQL ] SELECT COUNT(*) AS tp_count FROM `zm_goods_category` LIMIT 1 [ RunTime:0.000216s ]
[ sql ] [ SQL ] SELECT * FROM `zm_goods_category` ORDER BY weigh desc [ RunTime:0.000316s ]
---------------------------------------------------------------
[ 2018-09-11T23:37:44+08:00 ] 127.0.0.1 127.0.0.1 POST /index.php/admin/goods/categorysync.html
[ info ] shop.cc/index.php/admin/goods/categorysync.html [运行时间：0.159452s][吞吐率：6.27req/s] [内存消耗：2,050.95kb] [文件加载：59]
[ info ] [ LANG ] F:\www\lisan\public/../application/common\lang\error.php
[ info ] [ LANG ] F:\www\lisan\system\lang\zh-cn.php
[ info ] [ ROUTE ] array (
  'type' => 'module',
  'module' => 
  array (
    0 => 'admin',
    1 => 'goods',
    2 => 'categorysync',
  ),
)
[ info ] [ HEADER ] array (
  'cookie' => 'PHPSESSID=3mk180goan47f6ng9d17qp8763',
  'accept-language' => 'zh-CN,zh;q=0.9',
  'accept-encoding' => 'gzip, deflate',
  'referer' => 'http://shop.cc/index.php/admin/goods/category.html',
  'user-agent' => 'Mozilla/5.0 (Windows NT 10.0; Win64; x64) AppleWebKit/537.36 (KHTML, like Gecko) Chrome/67.0.3396.99 Safari/537.36',
  'x-requested-with' => 'XMLHttpRequest',
  'origin' => 'http://shop.cc',
  'accept' => '*/*',
  'content-length' => '0',
  'connection' => 'close',
  'host' => 'shop.cc',
)
[ info ] [ PARAM ] array (
)
[ info ] [ DB ] INIT mysql
[ info ] [ SESSION ] INIT array (
  'id' => '',
  'var_session_id' => '',
  'prefix' => 'think',
  'type' => '',
  'auto_start' => true,
)
[ info ] [ RUN ] app\admin\controller\Goods->categorySync[ F:\www\lisan\application\admin\controller\Goods.php ]
[ info ] [ DB ] INIT Sqlsrv
[ info ] [ CACHE ] INIT File
[ info ] [ LOG ] INIT File
[ error ] [2]Declaration of app\common\service\Config::find() should be compatible with app\common\service\Base::find($map)[F:\www\lisan\application\common\service\Config.php:21]
[ sql ] [ DB ] CONNECT:[ UseTime:0.000864s ] mysql:dbname=lisan;host=127.0.0.1;port=3306;charset=utf8
[ sql ] [ SQL ] SHOW COLUMNS FROM `zm_config` [ RunTime:0.016670s ]
[ sql ] [ SQL ] SELECT * FROM `zm_config` WHERE  `id` = 1 LIMIT 1 [ RunTime:0.000323s ]
[ sql ] [ SQL ] SHOW COLUMNS FROM `zm_goods_category` [ RunTime:0.020684s ]
[ sql ] [ SQL ] SELECT * FROM `zm_goods_category` WHERE  `foreign_key` = '001' LIMIT 1 [ RunTime:0.000496s ]
[ sql ] [ SQL ] SELECT * FROM `zm_goods_category` WHERE  `foreign_key` = '002' LIMIT 1 [ RunTime:0.000353s ]
[ sql ] [ SQL ] SELECT * FROM `zm_goods_category` WHERE  `foreign_key` = '003' LIMIT 1 [ RunTime:0.000348s ]
[ sql ] [ SQL ] SELECT * FROM `zm_goods_category` WHERE  `foreign_key` = '004' LIMIT 1 [ RunTime:0.000745s ]
[ sql ] [ SQL ] SELECT * FROM `zm_goods_category` WHERE  `foreign_key` = '005' LIMIT 1 [ RunTime:0.000432s ]
[ sql ] [ SQL ] UPDATE `zm_goods_category`  SET `category_name`='网络商城1',`pid`=0,`description`=NULL,`image`='/uploads/default.jpg',`status`='normal',`updatetime`='2018-04-20 16:26:02.493'  WHERE  `category_id` = 17 [ RunTime:0.002870s ]
---------------------------------------------------------------
[ 2018-09-11T23:37:47+08:00 ] 127.0.0.1 127.0.0.1 GET /index.php/admin/goods/category.html
[ info ] shop.cc/index.php/admin/goods/category.html [运行时间：0.074237s][吞吐率：13.47req/s] [内存消耗：2,035.64kb] [文件加载：52]
[ info ] [ LANG ] F:\www\lisan\public/../application/common\lang\error.php
[ info ] [ LANG ] F:\www\lisan\system\lang\zh-cn.php
[ info ] [ ROUTE ] array (
  'type' => 'module',
  'module' => 
  array (
    0 => 'admin',
    1 => 'goods',
    2 => 'category',
  ),
)
[ info ] [ HEADER ] array (
  'cookie' => 'PHPSESSID=3mk180goan47f6ng9d17qp8763',
  'accept-language' => 'zh-CN,zh;q=0.9',
  'accept-encoding' => 'gzip, deflate',
  'referer' => 'http://shop.cc/index.php/admin/goods/category.html',
  'accept' => 'text/html,application/xhtml+xml,application/xml;q=0.9,image/webp,image/apng,*/*;q=0.8',
  'user-agent' => 'Mozilla/5.0 (Windows NT 10.0; Win64; x64) AppleWebKit/537.36 (KHTML, like Gecko) Chrome/67.0.3396.99 Safari/537.36',
  'upgrade-insecure-requests' => '1',
  'cache-control' => 'max-age=0',
  'connection' => 'close',
  'host' => 'shop.cc',
)
[ info ] [ PARAM ] array (
)
[ info ] [ DB ] INIT mysql
[ info ] [ SESSION ] INIT array (
  'id' => '',
  'var_session_id' => '',
  'prefix' => 'think',
  'type' => '',
  'auto_start' => true,
)
[ info ] [ RUN ] app\admin\controller\Goods->category[ F:\www\lisan\application\admin\controller\Goods.php ]
[ info ] [ VIEW ] F:\www\lisan\public/../application/admin\view\goods\category.html [ array (
  0 => 'app_debug',
  1 => 'config',
) ]
[ info ] [ LOG ] INIT File
[ error ] [2]Declaration of app\common\service\Config::find() should be compatible with app\common\service\Base::find($map)[F:\www\lisan\application\common\service\Config.php:21]
[ sql ] [ DB ] CONNECT:[ UseTime:0.001185s ] mysql:dbname=lisan;host=127.0.0.1;port=3306;charset=utf8
[ sql ] [ SQL ] SHOW COLUMNS FROM `zm_config` [ RunTime:0.018045s ]
[ sql ] [ SQL ] SELECT * FROM `zm_config` WHERE  `id` = 1 LIMIT 1 [ RunTime:0.000316s ]
---------------------------------------------------------------
[ 2018-09-11T23:37:48+08:00 ] 127.0.0.1 127.0.0.1 GET /index.php/admin/goods/category.html?sort=weigh&order=desc&offset=0&limit=1000&_=1536680267908
[ info ] shop.cc/index.php/admin/goods/category.html?sort=weigh&order=desc&offset=0&limit=1000&_=1536680267908 [运行时间：0.061617s][吞吐率：16.23req/s] [内存消耗：2,051.43kb] [文件加载：56]
[ info ] [ LANG ] F:\www\lisan\public/../application/common\lang\error.php
[ info ] [ LANG ] F:\www\lisan\system\lang\zh-cn.php
[ info ] [ ROUTE ] array (
  'type' => 'module',
  'module' => 
  array (
    0 => 'admin',
    1 => 'goods',
    2 => 'category',
  ),
)
[ info ] [ HEADER ] array (
  'cookie' => 'PHPSESSID=3mk180goan47f6ng9d17qp8763',
  'accept-language' => 'zh-CN,zh;q=0.9',
  'accept-encoding' => 'gzip, deflate',
  'referer' => 'http://shop.cc/index.php/admin/goods/category.html',
  'content-type' => 'application/json',
  'user-agent' => 'Mozilla/5.0 (Windows NT 10.0; Win64; x64) AppleWebKit/537.36 (KHTML, like Gecko) Chrome/67.0.3396.99 Safari/537.36',
  'x-requested-with' => 'XMLHttpRequest',
  'accept' => 'application/json, text/javascript, */*; q=0.01',
  'connection' => 'close',
  'host' => 'shop.cc',
)
[ info ] [ PARAM ] array (
  'sort' => 'weigh',
  'order' => 'desc',
  'offset' => '0',
  'limit' => '1000',
  '_' => '1536680267908',
)
[ info ] [ DB ] INIT mysql
[ info ] [ SESSION ] INIT array (
  'id' => '',
  'var_session_id' => '',
  'prefix' => 'think',
  'type' => '',
  'auto_start' => true,
)
[ info ] [ RUN ] app\admin\controller\Goods->category[ F:\www\lisan\application\admin\controller\Goods.php ]
[ info ] [ LOG ] INIT File
[ error ] [2]Declaration of app\common\service\Config::find() should be compatible with app\common\service\Base::find($map)[F:\www\lisan\application\common\service\Config.php:21]
[ error ] [8]未定义变量: map[F:\www\lisan\application\admin\controller\Goods.php:23]
[ error ] [8]未定义变量: map[F:\www\lisan\application\admin\controller\Goods.php:24]
[ error ] [2]Invalid argument supplied for foreach()[F:\www\lisan\system\library\think\db\Query.php:680]
[ sql ] [ DB ] CONNECT:[ UseTime:0.000801s ] mysql:dbname=lisan;host=127.0.0.1;port=3306;charset=utf8
[ sql ] [ SQL ] SHOW COLUMNS FROM `zm_config` [ RunTime:0.016747s ]
[ sql ] [ SQL ] SELECT * FROM `zm_config` WHERE  `id` = 1 LIMIT 1 [ RunTime:0.000319s ]
[ sql ] [ SQL ] SHOW COLUMNS FROM `zm_goods_category` [ RunTime:0.014238s ]
[ sql ] [ SQL ] SELECT COUNT(*) AS tp_count FROM `zm_goods_category` LIMIT 1 [ RunTime:0.000215s ]
[ sql ] [ SQL ] SELECT * FROM `zm_goods_category` ORDER BY weigh desc [ RunTime:0.000573s ]
---------------------------------------------------------------
[ 2018-09-11T23:38:41+08:00 ] 127.0.0.1 127.0.0.1 GET /index.php/admin/goods/category.html?sort=weigh&order=desc&offset=0&limit=1000&_=1536680267909
[ info ] shop.cc/index.php/admin/goods/category.html?sort=weigh&order=desc&offset=0&limit=1000&_=1536680267909 [运行时间：0.076658s][吞吐率：13.04req/s] [内存消耗：2,051.43kb] [文件加载：56]
[ info ] [ LANG ] F:\www\lisan\public/../application/common\lang\error.php
[ info ] [ LANG ] F:\www\lisan\system\lang\zh-cn.php
[ info ] [ ROUTE ] array (
  'type' => 'module',
  'module' => 
  array (
    0 => 'admin',
    1 => 'goods',
    2 => 'category',
  ),
)
[ info ] [ HEADER ] array (
  'cookie' => 'PHPSESSID=3mk180goan47f6ng9d17qp8763',
  'accept-language' => 'zh-CN,zh;q=0.9',
  'accept-encoding' => 'gzip, deflate',
  'referer' => 'http://shop.cc/index.php/admin/goods/category.html',
  'content-type' => 'application/json',
  'user-agent' => 'Mozilla/5.0 (Windows NT 10.0; Win64; x64) AppleWebKit/537.36 (KHTML, like Gecko) Chrome/67.0.3396.99 Safari/537.36',
  'x-requested-with' => 'XMLHttpRequest',
  'accept' => 'application/json, text/javascript, */*; q=0.01',
  'connection' => 'close',
  'host' => 'shop.cc',
)
[ info ] [ PARAM ] array (
  'sort' => 'weigh',
  'order' => 'desc',
  'offset' => '0',
  'limit' => '1000',
  '_' => '1536680267909',
)
[ info ] [ DB ] INIT mysql
[ info ] [ SESSION ] INIT array (
  'id' => '',
  'var_session_id' => '',
  'prefix' => 'think',
  'type' => '',
  'auto_start' => true,
)
[ info ] [ RUN ] app\admin\controller\Goods->category[ F:\www\lisan\application\admin\controller\Goods.php ]
[ info ] [ LOG ] INIT File
[ error ] [2]Declaration of app\common\service\Config::find() should be compatible with app\common\service\Base::find($map)[F:\www\lisan\application\common\service\Config.php:21]
[ error ] [8]未定义变量: map[F:\www\lisan\application\admin\controller\Goods.php:23]
[ error ] [8]未定义变量: map[F:\www\lisan\application\admin\controller\Goods.php:24]
[ error ] [2]Invalid argument supplied for foreach()[F:\www\lisan\system\library\think\db\Query.php:680]
[ sql ] [ DB ] CONNECT:[ UseTime:0.000871s ] mysql:dbname=lisan;host=127.0.0.1;port=3306;charset=utf8
[ sql ] [ SQL ] SHOW COLUMNS FROM `zm_config` [ RunTime:0.032656s ]
[ sql ] [ SQL ] SELECT * FROM `zm_config` WHERE  `id` = 1 LIMIT 1 [ RunTime:0.000340s ]
[ sql ] [ SQL ] SHOW COLUMNS FROM `zm_goods_category` [ RunTime:0.012175s ]
[ sql ] [ SQL ] SELECT COUNT(*) AS tp_count FROM `zm_goods_category` LIMIT 1 [ RunTime:0.000223s ]
[ sql ] [ SQL ] SELECT * FROM `zm_goods_category` ORDER BY weigh desc [ RunTime:0.000319s ]
---------------------------------------------------------------
[ 2018-09-11T23:38:42+08:00 ] 127.0.0.1 127.0.0.1 POST /index.php/admin/goods/categorysync.html
[ info ] shop.cc/index.php/admin/goods/categorysync.html [运行时间：0.140322s][吞吐率：7.13req/s] [内存消耗：2,035.17kb] [文件加载：56]
[ info ] [ LANG ] F:\www\lisan\public/../application/common\lang\error.php
[ info ] [ LANG ] F:\www\lisan\system\lang\zh-cn.php
[ info ] [ ROUTE ] array (
  'type' => 'module',
  'module' => 
  array (
    0 => 'admin',
    1 => 'goods',
    2 => 'categorysync',
  ),
)
[ info ] [ HEADER ] array (
  'cookie' => 'PHPSESSID=3mk180goan47f6ng9d17qp8763',
  'accept-language' => 'zh-CN,zh;q=0.9',
  'accept-encoding' => 'gzip, deflate',
  'referer' => 'http://shop.cc/index.php/admin/goods/category.html',
  'user-agent' => 'Mozilla/5.0 (Windows NT 10.0; Win64; x64) AppleWebKit/537.36 (KHTML, like Gecko) Chrome/67.0.3396.99 Safari/537.36',
  'x-requested-with' => 'XMLHttpRequest',
  'origin' => 'http://shop.cc',
  'accept' => '*/*',
  'content-length' => '0',
  'connection' => 'close',
  'host' => 'shop.cc',
)
[ info ] [ PARAM ] array (
)
[ info ] [ DB ] INIT mysql
[ info ] [ SESSION ] INIT array (
  'id' => '',
  'var_session_id' => '',
  'prefix' => 'think',
  'type' => '',
  'auto_start' => true,
)
[ info ] [ RUN ] app\admin\controller\Goods->categorySync[ F:\www\lisan\application\admin\controller\Goods.php ]
[ info ] [ DB ] INIT Sqlsrv
[ info ] [ LOG ] INIT File
[ error ] [2]Declaration of app\common\service\Config::find() should be compatible with app\common\service\Base::find($map)[F:\www\lisan\application\common\service\Config.php:21]
[ sql ] [ DB ] CONNECT:[ UseTime:0.000893s ] mysql:dbname=lisan;host=127.0.0.1;port=3306;charset=utf8
[ sql ] [ SQL ] SHOW COLUMNS FROM `zm_config` [ RunTime:0.015701s ]
[ sql ] [ SQL ] SELECT * FROM `zm_config` WHERE  `id` = 1 LIMIT 1 [ RunTime:0.000312s ]
[ sql ] [ SQL ] SHOW COLUMNS FROM `zm_goods_category` [ RunTime:0.020321s ]
[ sql ] [ SQL ] SELECT * FROM `zm_goods_category` WHERE  `foreign_key` = '001' LIMIT 1 [ RunTime:0.000515s ]
[ sql ] [ SQL ] SELECT * FROM `zm_goods_category` WHERE  `foreign_key` = '002' LIMIT 1 [ RunTime:0.000353s ]
[ sql ] [ SQL ] SELECT * FROM `zm_goods_category` WHERE  `foreign_key` = '003' LIMIT 1 [ RunTime:0.000345s ]
[ sql ] [ SQL ] SELECT * FROM `zm_goods_category` WHERE  `foreign_key` = '004' LIMIT 1 [ RunTime:0.000354s ]
[ sql ] [ SQL ] SELECT * FROM `zm_goods_category` WHERE  `foreign_key` = '005' LIMIT 1 [ RunTime:0.000338s ]
---------------------------------------------------------------
[ 2018-09-11T23:38:45+08:00 ] 127.0.0.1 127.0.0.1 GET /index.php/admin/goods/category.html
[ info ] shop.cc/index.php/admin/goods/category.html [运行时间：0.062751s][吞吐率：15.94req/s] [内存消耗：2,035.64kb] [文件加载：52]
[ info ] [ LANG ] F:\www\lisan\public/../application/common\lang\error.php
[ info ] [ LANG ] F:\www\lisan\system\lang\zh-cn.php
[ info ] [ ROUTE ] array (
  'type' => 'module',
  'module' => 
  array (
    0 => 'admin',
    1 => 'goods',
    2 => 'category',
  ),
)
[ info ] [ HEADER ] array (
  'cookie' => 'PHPSESSID=3mk180goan47f6ng9d17qp8763',
  'accept-language' => 'zh-CN,zh;q=0.9',
  'accept-encoding' => 'gzip, deflate',
  'referer' => 'http://shop.cc/index.php/admin/goods/category.html',
  'accept' => 'text/html,application/xhtml+xml,application/xml;q=0.9,image/webp,image/apng,*/*;q=0.8',
  'user-agent' => 'Mozilla/5.0 (Windows NT 10.0; Win64; x64) AppleWebKit/537.36 (KHTML, like Gecko) Chrome/67.0.3396.99 Safari/537.36',
  'upgrade-insecure-requests' => '1',
  'cache-control' => 'max-age=0',
  'connection' => 'close',
  'host' => 'shop.cc',
)
[ info ] [ PARAM ] array (
)
[ info ] [ DB ] INIT mysql
[ info ] [ SESSION ] INIT array (
  'id' => '',
  'var_session_id' => '',
  'prefix' => 'think',
  'type' => '',
  'auto_start' => true,
)
[ info ] [ RUN ] app\admin\controller\Goods->category[ F:\www\lisan\application\admin\controller\Goods.php ]
[ info ] [ VIEW ] F:\www\lisan\public/../application/admin\view\goods\category.html [ array (
  0 => 'app_debug',
  1 => 'config',
) ]
[ info ] [ LOG ] INIT File
[ error ] [2]Declaration of app\common\service\Config::find() should be compatible with app\common\service\Base::find($map)[F:\www\lisan\application\common\service\Config.php:21]
[ sql ] [ DB ] CONNECT:[ UseTime:0.000700s ] mysql:dbname=lisan;host=127.0.0.1;port=3306;charset=utf8
[ sql ] [ SQL ] SHOW COLUMNS FROM `zm_config` [ RunTime:0.017758s ]
[ sql ] [ SQL ] SELECT * FROM `zm_config` WHERE  `id` = 1 LIMIT 1 [ RunTime:0.000313s ]
---------------------------------------------------------------
[ 2018-09-11T23:38:45+08:00 ] 127.0.0.1 127.0.0.1 GET /index.php/admin/goods/category.html?sort=weigh&order=desc&offset=0&limit=1000&_=1536680325804
[ info ] shop.cc/index.php/admin/goods/category.html?sort=weigh&order=desc&offset=0&limit=1000&_=1536680325804 [运行时间：0.062233s][吞吐率：16.07req/s] [内存消耗：2,051.43kb] [文件加载：56]
[ info ] [ LANG ] F:\www\lisan\public/../application/common\lang\error.php
[ info ] [ LANG ] F:\www\lisan\system\lang\zh-cn.php
[ info ] [ ROUTE ] array (
  'type' => 'module',
  'module' => 
  array (
    0 => 'admin',
    1 => 'goods',
    2 => 'category',
  ),
)
[ info ] [ HEADER ] array (
  'cookie' => 'PHPSESSID=3mk180goan47f6ng9d17qp8763',
  'accept-language' => 'zh-CN,zh;q=0.9',
  'accept-encoding' => 'gzip, deflate',
  'referer' => 'http://shop.cc/index.php/admin/goods/category.html',
  'content-type' => 'application/json',
  'user-agent' => 'Mozilla/5.0 (Windows NT 10.0; Win64; x64) AppleWebKit/537.36 (KHTML, like Gecko) Chrome/67.0.3396.99 Safari/537.36',
  'x-requested-with' => 'XMLHttpRequest',
  'accept' => 'application/json, text/javascript, */*; q=0.01',
  'connection' => 'close',
  'host' => 'shop.cc',
)
[ info ] [ PARAM ] array (
  'sort' => 'weigh',
  'order' => 'desc',
  'offset' => '0',
  'limit' => '1000',
  '_' => '1536680325804',
)
[ info ] [ DB ] INIT mysql
[ info ] [ SESSION ] INIT array (
  'id' => '',
  'var_session_id' => '',
  'prefix' => 'think',
  'type' => '',
  'auto_start' => true,
)
[ info ] [ RUN ] app\admin\controller\Goods->category[ F:\www\lisan\application\admin\controller\Goods.php ]
[ info ] [ LOG ] INIT File
[ error ] [2]Declaration of app\common\service\Config::find() should be compatible with app\common\service\Base::find($map)[F:\www\lisan\application\common\service\Config.php:21]
[ error ] [8]未定义变量: map[F:\www\lisan\application\admin\controller\Goods.php:23]
[ error ] [8]未定义变量: map[F:\www\lisan\application\admin\controller\Goods.php:24]
[ error ] [2]Invalid argument supplied for foreach()[F:\www\lisan\system\library\think\db\Query.php:680]
[ sql ] [ DB ] CONNECT:[ UseTime:0.000787s ] mysql:dbname=lisan;host=127.0.0.1;port=3306;charset=utf8
[ sql ] [ SQL ] SHOW COLUMNS FROM `zm_config` [ RunTime:0.011731s ]
[ sql ] [ SQL ] SELECT * FROM `zm_config` WHERE  `id` = 1 LIMIT 1 [ RunTime:0.000792s ]
[ sql ] [ SQL ] SHOW COLUMNS FROM `zm_goods_category` [ RunTime:0.013215s ]
[ sql ] [ SQL ] SELECT COUNT(*) AS tp_count FROM `zm_goods_category` LIMIT 1 [ RunTime:0.000300s ]
[ sql ] [ SQL ] SELECT * FROM `zm_goods_category` ORDER BY weigh desc [ RunTime:0.000351s ]
